mode: atomic
github.com/texere-rope/pkg/rope/balance.go:29.44,35.2 1 30
github.com/texere-rope/pkg/rope/balance.go:39.32,41.2 1 15
github.com/texere-rope/pkg/rope/balance.go:44.63,45.33 1 27
github.com/texere-rope/pkg/rope/balance.go:45.33,47.3 1 3
github.com/texere-rope/pkg/rope/balance.go:49.2,51.24 3 24
github.com/texere-rope/pkg/rope/balance.go:55.80,56.17 1 26
github.com/texere-rope/pkg/rope/balance.go:56.17,58.3 1 0
github.com/texere-rope/pkg/rope/balance.go:60.2,60.19 1 26
github.com/texere-rope/pkg/rope/balance.go:60.19,65.21 3 25
github.com/texere-rope/pkg/rope/balance.go:65.21,67.38 2 156
github.com/texere-rope/pkg/rope/balance.go:67.38,71.57 2 131
github.com/texere-rope/pkg/rope/balance.go:71.57,73.6 1 0
github.com/texere-rope/pkg/rope/balance.go:76.4,77.27 2 156
github.com/texere-rope/pkg/rope/balance.go:80.3,80.9 1 25
github.com/texere-rope/pkg/rope/balance.go:83.2,85.48 3 1
github.com/texere-rope/pkg/rope/balance.go:89.28,90.31 1 22
github.com/texere-rope/pkg/rope/balance.go:90.31,92.3 1 0
github.com/texere-rope/pkg/rope/balance.go:93.2,93.26 1 22
github.com/texere-rope/pkg/rope/balance.go:97.35,98.34 1 22
github.com/texere-rope/pkg/rope/balance.go:98.34,100.3 1 22
github.com/texere-rope/pkg/rope/balance.go:102.2,106.39 4 0
github.com/texere-rope/pkg/rope/balance.go:110.24,111.11 1 12
github.com/texere-rope/pkg/rope/balance.go:111.11,113.3 1 0
github.com/texere-rope/pkg/rope/balance.go:114.2,114.10 1 12
github.com/texere-rope/pkg/rope/balance.go:119.34,120.33 1 20
github.com/texere-rope/pkg/rope/balance.go:120.33,122.3 1 4
github.com/texere-rope/pkg/rope/balance.go:124.2,127.26 3 16
github.com/texere-rope/pkg/rope/balance.go:132.33,133.33 1 12
github.com/texere-rope/pkg/rope/balance.go:133.33,135.3 1 3
github.com/texere-rope/pkg/rope/balance.go:137.2,140.36 3 9
github.com/texere-rope/pkg/rope/balance.go:146.68,147.33 1 0
github.com/texere-rope/pkg/rope/balance.go:147.33,149.3 1 0
github.com/texere-rope/pkg/rope/balance.go:151.2,151.39 1 0
github.com/texere-rope/pkg/rope/balance.go:151.39,153.3 1 0
github.com/texere-rope/pkg/rope/balance.go:155.2,159.40 4 0
github.com/texere-rope/pkg/rope/balance.go:163.51,165.2 1 0
github.com/texere-rope/pkg/rope/balance.go:168.62,170.2 1 0
github.com/texere-rope/pkg/rope/balance.go:173.64,178.2 4 0
github.com/texere-rope/pkg/rope/balance.go:181.67,182.34 1 0
github.com/texere-rope/pkg/rope/balance.go:182.34,184.3 1 0
github.com/texere-rope/pkg/rope/balance.go:186.2,193.56 4 0
github.com/texere-rope/pkg/rope/balance.go:193.56,197.3 3 0
github.com/texere-rope/pkg/rope/balance.go:200.2,203.17 3 0
github.com/texere-rope/pkg/rope/balance.go:221.35,222.31 1 12
github.com/texere-rope/pkg/rope/balance.go:222.31,224.3 1 0
github.com/texere-rope/pkg/rope/balance.go:226.2,229.25 3 12
github.com/texere-rope/pkg/rope/balance.go:229.25,232.3 2 12
github.com/texere-rope/pkg/rope/balance.go:234.2,234.14 1 12
github.com/texere-rope/pkg/rope/balance.go:238.63,239.17 1 12
github.com/texere-rope/pkg/rope/balance.go:239.17,241.3 1 0
github.com/texere-rope/pkg/rope/balance.go:243.2,245.19 2 12
github.com/texere-rope/pkg/rope/balance.go:245.19,253.57 6 12
github.com/texere-rope/pkg/rope/balance.go:253.57,255.4 1 12
github.com/texere-rope/pkg/rope/balance.go:256.3,256.31 1 12
github.com/texere-rope/pkg/rope/balance.go:256.31,258.4 1 0
github.com/texere-rope/pkg/rope/balance.go:259.8,265.3 4 0
github.com/texere-rope/pkg/rope/balance.go:271.32,272.33 1 12
github.com/texere-rope/pkg/rope/balance.go:272.33,274.3 1 3
github.com/texere-rope/pkg/rope/balance.go:276.2,281.3 2 9
github.com/texere-rope/pkg/rope/balance.go:285.67,286.17 1 9
github.com/texere-rope/pkg/rope/balance.go:286.17,288.3 1 0
github.com/texere-rope/pkg/rope/balance.go:290.2,290.19 1 9
github.com/texere-rope/pkg/rope/balance.go:290.19,292.3 1 8
github.com/texere-rope/pkg/rope/balance.go:295.2,301.50 3 1
github.com/texere-rope/pkg/rope/balance.go:305.47,306.17 1 5
github.com/texere-rope/pkg/rope/balance.go:306.17,308.3 1 0
github.com/texere-rope/pkg/rope/balance.go:310.2,310.19 1 5
github.com/texere-rope/pkg/rope/balance.go:310.19,313.3 2 3
github.com/texere-rope/pkg/rope/balance.go:315.2,319.43 4 2
github.com/texere-rope/pkg/rope/balance.go:323.79,324.22 1 1
github.com/texere-rope/pkg/rope/balance.go:324.22,326.3 1 0
github.com/texere-rope/pkg/rope/balance.go:328.2,331.35 3 1
github.com/texere-rope/pkg/rope/balance.go:331.35,334.30 2 2
github.com/texere-rope/pkg/rope/balance.go:334.30,337.4 1 2
github.com/texere-rope/pkg/rope/balance.go:337.9,341.4 2 0
github.com/texere-rope/pkg/rope/balance.go:344.2,345.15 2 1
github.com/texere-rope/pkg/rope/balance.go:349.69,350.18 1 1
github.com/texere-rope/pkg/rope/balance.go:350.18,352.3 1 0
github.com/texere-rope/pkg/rope/balance.go:354.2,354.20 1 1
github.com/texere-rope/pkg/rope/balance.go:354.20,356.3 1 1
github.com/texere-rope/pkg/rope/balance.go:358.2,362.17 4 0
github.com/texere-rope/pkg/rope/balance.go:362.17,364.3 1 0
github.com/texere-rope/pkg/rope/balance.go:365.2,365.18 1 0
github.com/texere-rope/pkg/rope/balance.go:365.18,367.3 1 0
github.com/texere-rope/pkg/rope/balance.go:369.2,374.3 1 0
github.com/texere-rope/pkg/rope/balance.go:381.33,382.31 1 6
github.com/texere-rope/pkg/rope/balance.go:382.31,384.3 1 0
github.com/texere-rope/pkg/rope/balance.go:386.2,386.47 1 6
github.com/texere-rope/pkg/rope/balance.go:390.74,391.17 1 8
github.com/texere-rope/pkg/rope/balance.go:391.17,393.3 1 0
github.com/texere-rope/pkg/rope/balance.go:396.2,396.37 1 8
github.com/texere-rope/pkg/rope/balance.go:396.37,401.3 1 0
github.com/texere-rope/pkg/rope/balance.go:404.2,404.33 1 8
github.com/texere-rope/pkg/rope/balance.go:404.33,409.3 1 0
github.com/texere-rope/pkg/rope/balance.go:411.2,411.19 1 8
github.com/texere-rope/pkg/rope/balance.go:411.19,413.3 1 7
github.com/texere-rope/pkg/rope/balance.go:415.2,418.84 2 1
github.com/texere-rope/pkg/rope/balance.go:418.84,420.3 1 0
github.com/texere-rope/pkg/rope/balance.go:423.2,425.77 3 1
github.com/texere-rope/pkg/rope/balance.go:425.77,427.3 1 0
github.com/texere-rope/pkg/rope/balance.go:429.2,429.12 1 1
github.com/texere-rope/pkg/rope/balance.go:438.36,440.2 1 0
github.com/texere-rope/pkg/rope/balance.go:445.49,446.14 1 5
github.com/texere-rope/pkg/rope/balance.go:446.14,448.3 1 1
github.com/texere-rope/pkg/rope/balance.go:450.2,455.17 3 4
github.com/texere-rope/pkg/rope/balance.go:455.17,459.3 3 2
github.com/texere-rope/pkg/rope/balance.go:462.2,462.22 1 2
github.com/texere-rope/pkg/rope/balance.go:462.22,466.3 3 1
github.com/texere-rope/pkg/rope/balance.go:469.2,469.15 1 1
github.com/texere-rope/pkg/rope/balance.go:474.36,475.32 1 10
github.com/texere-rope/pkg/rope/balance.go:475.32,477.3 1 10
github.com/texere-rope/pkg/rope/balance.go:479.2,479.49 1 0
github.com/texere-rope/pkg/rope/balance.go:483.32,484.31 1 9
github.com/texere-rope/pkg/rope/balance.go:484.31,486.3 1 0
github.com/texere-rope/pkg/rope/balance.go:487.2,487.30 1 9
github.com/texere-rope/pkg/rope/balance.go:491.39,492.17 1 9
github.com/texere-rope/pkg/rope/balance.go:492.17,494.3 1 0
github.com/texere-rope/pkg/rope/balance.go:495.2,495.19 1 9
github.com/texere-rope/pkg/rope/balance.go:495.19,497.3 1 9
github.com/texere-rope/pkg/rope/balance.go:499.2,500.69 2 0
github.com/texere-rope/pkg/rope/balance.go:504.32,505.31 1 5
github.com/texere-rope/pkg/rope/balance.go:505.31,507.3 1 0
github.com/texere-rope/pkg/rope/balance.go:508.2,508.31 1 5
github.com/texere-rope/pkg/rope/balance.go:512.40,513.17 1 5
github.com/texere-rope/pkg/rope/balance.go:513.17,515.3 1 0
github.com/texere-rope/pkg/rope/balance.go:516.2,516.19 1 5
github.com/texere-rope/pkg/rope/balance.go:516.19,518.3 1 5
github.com/texere-rope/pkg/rope/balance.go:520.2,521.75 2 0
github.com/texere-rope/pkg/rope/builder.go:35.32,40.2 1 126
github.com/texere-rope/pkg/rope/builder.go:43.47,48.2 1 22
github.com/texere-rope/pkg/rope/builder.go:52.56,53.16 1 3455
github.com/texere-rope/pkg/rope/builder.go:53.16,55.3 1 4
github.com/texere-rope/pkg/rope/builder.go:59.2,59.70 1 3451
github.com/texere-rope/pkg/rope/builder.go:59.70,66.3 2 3318
github.com/texere-rope/pkg/rope/builder.go:68.2,72.10 2 133
github.com/texere-rope/pkg/rope/builder.go:88.61,89.20 1 5
github.com/texere-rope/pkg/rope/builder.go:89.20,91.3 1 1
github.com/texere-rope/pkg/rope/builder.go:95.2,98.70 2 4
github.com/texere-rope/pkg/rope/builder.go:98.70,104.3 2 2
github.com/texere-rope/pkg/rope/builder.go:106.2,110.10 2 2
github.com/texere-rope/pkg/rope/builder.go:114.65,115.16 1 18
github.com/texere-rope/pkg/rope/builder.go:115.16,117.3 1 1
github.com/texere-rope/pkg/rope/builder.go:119.2,123.10 2 17
github.com/texere-rope/pkg/rope/builder.go:128.59,132.2 3 6
github.com/texere-rope/pkg/rope/builder.go:135.73,139.2 3 6
github.com/texere-rope/pkg/rope/builder.go:144.37,151.2 4 152
github.com/texere-rope/pkg/rope/builder.go:154.31,155.25 1 164
github.com/texere-rope/pkg/rope/builder.go:155.25,157.3 1 25
github.com/texere-rope/pkg/rope/builder.go:160.2,162.25 3 139
github.com/texere-rope/pkg/rope/builder.go:162.25,163.34 1 144
github.com/texere-rope/pkg/rope/builder.go:163.34,166.58 2 127
github.com/texere-rope/pkg/rope/builder.go:166.58,169.5 2 3442
github.com/texere-rope/pkg/rope/builder.go:171.4,174.6 1 127
github.com/texere-rope/pkg/rope/builder.go:175.9,179.4 2 17
github.com/texere-rope/pkg/rope/builder.go:183.2,183.28 1 139
github.com/texere-rope/pkg/rope/builder.go:183.28,184.24 1 144
github.com/texere-rope/pkg/rope/builder.go:184.24,187.4 1 127
github.com/texere-rope/pkg/rope/builder.go:187.9,189.4 1 17
github.com/texere-rope/pkg/rope/builder.go:192.2,192.27 1 139
github.com/texere-rope/pkg/rope/builder.go:196.40,197.20 1 127
github.com/texere-rope/pkg/rope/builder.go:197.20,199.3 1 0
github.com/texere-rope/pkg/rope/builder.go:200.2,200.20 1 127
github.com/texere-rope/pkg/rope/builder.go:200.20,202.3 1 49
github.com/texere-rope/pkg/rope/builder.go:205.2,206.25 2 78
github.com/texere-rope/pkg/rope/builder.go:206.25,208.3 1 3393
github.com/texere-rope/pkg/rope/builder.go:211.2,213.25 3 78
github.com/texere-rope/pkg/rope/builder.go:213.25,215.3 1 3393
github.com/texere-rope/pkg/rope/builder.go:216.2,216.20 1 78
github.com/texere-rope/pkg/rope/builder.go:221.36,223.31 2 8
github.com/texere-rope/pkg/rope/builder.go:223.31,225.3 1 5
github.com/texere-rope/pkg/rope/builder.go:226.2,226.15 1 8
github.com/texere-rope/pkg/rope/builder.go:230.34,232.31 2 6
github.com/texere-rope/pkg/rope/builder.go:232.31,234.3 1 5
github.com/texere-rope/pkg/rope/builder.go:235.2,235.13 1 6
github.com/texere-rope/pkg/rope/builder.go:239.44,243.2 3 25
github.com/texere-rope/pkg/rope/builder.go:246.59,250.2 3 2
github.com/texere-rope/pkg/rope/builder.go:256.71,258.2 1 3
github.com/texere-rope/pkg/rope/builder.go:261.64,263.2 1 3
github.com/texere-rope/pkg/rope/builder.go:267.70,269.2 1 2
github.com/texere-rope/pkg/rope/builder.go:272.55,274.2 1 161
github.com/texere-rope/pkg/rope/builder.go:277.61,279.2 1 4
github.com/texere-rope/pkg/rope/builder.go:282.60,284.2 1 1004
github.com/texere-rope/pkg/rope/builder.go:287.58,290.2 2 2
github.com/texere-rope/pkg/rope/builder.go:293.64,296.2 2 2
github.com/texere-rope/pkg/rope/builder.go:306.44,310.2 1 4
github.com/texere-rope/pkg/rope/builder.go:313.42,314.9 1 15
github.com/texere-rope/pkg/rope/builder.go:315.31,316.25 1 9
github.com/texere-rope/pkg/rope/builder.go:317.10,318.22 1 6
github.com/texere-rope/pkg/rope/builder.go:323.49,324.9 1 14
github.com/texere-rope/pkg/rope/builder.go:325.37,325.37 0 12
github.com/texere-rope/pkg/rope/builder.go:326.10,326.10 0 2
github.com/texere-rope/pkg/rope/byte_cache.go:17.49,22.2 1 1
github.com/texere-rope/pkg/rope/byte_cache.go:26.52,28.79 1 1
github.com/texere-rope/pkg/rope/byte_cache.go:28.79,30.3 1 0
github.com/texere-rope/pkg/rope/byte_cache.go:33.2,38.51 4 1
github.com/texere-rope/pkg/rope/byte_cache.go:38.51,41.3 2 0
github.com/texere-rope/pkg/rope/byte_cache.go:44.2,45.39 2 1
github.com/texere-rope/pkg/rope/byte_cache.go:45.39,50.47 3 50
github.com/texere-rope/pkg/rope/byte_cache.go:50.47,53.4 2 3
github.com/texere-rope/pkg/rope/byte_cache.go:56.2,56.16 1 1
github.com/texere-rope/pkg/rope/byte_cache.go:60.61,65.20 3 1
github.com/texere-rope/pkg/rope/byte_cache.go:65.20,67.47 2 0
github.com/texere-rope/pkg/rope/byte_cache.go:67.47,70.4 2 0
github.com/texere-rope/pkg/rope/byte_cache.go:70.9,72.4 1 0
github.com/texere-rope/pkg/rope/byte_cache.go:75.2,75.15 1 1
github.com/texere-rope/pkg/rope/byte_cache.go:79.56,80.37 1 3
github.com/texere-rope/pkg/rope/byte_cache.go:80.37,84.3 3 0
github.com/texere-rope/pkg/rope/byte_cache.go:85.2,85.37 1 3
github.com/texere-rope/pkg/rope/byte_cache.go:85.37,88.3 1 3
github.com/texere-rope/pkg/rope/byte_cache.go:92.32,94.2 1 0
github.com/texere-rope/pkg/rope/byte_cache.go:105.45,110.2 1 0
github.com/texere-rope/pkg/rope/byte_cache.go:113.35,115.2 1 0
github.com/texere-rope/pkg/rope/byte_cache.go:118.33,120.2 1 0
github.com/texere-rope/pkg/rope/byte_cache.go:123.51,127.2 3 0
github.com/texere-rope/pkg/rope/byte_cache.go:130.36,132.2 1 0
github.com/texere-rope/pkg/rope/byte_cache.go:135.66,136.14 1 0
github.com/texere-rope/pkg/rope/byte_cache.go:136.14,138.3 1 0
github.com/texere-rope/pkg/rope/byte_cache.go:139.2,139.23 1 0
github.com/texere-rope/pkg/rope/byte_cache.go:139.23,141.3 1 0
github.com/texere-rope/pkg/rope/byte_cache.go:143.2,146.20 4 0
github.com/texere-rope/pkg/rope/byte_cache.go:153.64,157.36 3 0
github.com/texere-rope/pkg/rope/byte_cache.go:157.36,159.3 1 0
github.com/texere-rope/pkg/rope/byte_cache.go:161.2,161.15 1 0
github.com/texere-rope/pkg/rope/byte_cache.go:166.52,168.31 2 0
github.com/texere-rope/pkg/rope/byte_cache.go:168.31,171.3 2 0
github.com/texere-rope/pkg/rope/byte_cache.go:172.2,172.16 1 0
github.com/texere-rope/pkg/rope/byte_cache.go:176.58,179.16 3 0
github.com/texere-rope/pkg/rope/byte_cache.go:179.16,183.3 3 0
github.com/texere-rope/pkg/rope/byte_cache.go:184.2,184.14 1 0
github.com/texere-rope/pkg/rope/byte_cache.go:188.66,191.20 3 0
github.com/texere-rope/pkg/rope/byte_cache.go:191.20,195.3 3 0
github.com/texere-rope/pkg/rope/byte_cache.go:196.2,196.14 1 0
github.com/texere-rope/pkg/rope/byte_char_conv.go:6.44,7.30 1 224
github.com/texere-rope/pkg/rope/byte_char_conv.go:7.30,9.3 1 16
github.com/texere-rope/pkg/rope/byte_char_conv.go:10.2,10.27 1 208
github.com/texere-rope/pkg/rope/byte_char_conv.go:10.27,12.3 1 8
github.com/texere-rope/pkg/rope/byte_char_conv.go:15.2,17.44 3 200
github.com/texere-rope/pkg/rope/byte_char_conv.go:17.44,20.3 2 250623
github.com/texere-rope/pkg/rope/byte_char_conv.go:21.2,21.16 1 200
github.com/texere-rope/pkg/rope/byte_char_conv.go:25.44,26.30 1 239
github.com/texere-rope/pkg/rope/byte_char_conv.go:26.30,28.3 1 168
github.com/texere-rope/pkg/rope/byte_char_conv.go:29.2,29.25 1 71
github.com/texere-rope/pkg/rope/byte_char_conv.go:29.25,31.3 1 8
github.com/texere-rope/pkg/rope/byte_char_conv.go:34.2,37.16 4 63
github.com/texere-rope/pkg/rope/byte_char_conv.go:37.16,40.34 3 378
github.com/texere-rope/pkg/rope/byte_char_conv.go:40.34,41.9 1 63
github.com/texere-rope/pkg/rope/byte_char_conv.go:43.3,44.12 2 315
github.com/texere-rope/pkg/rope/byte_char_conv.go:46.2,46.16 1 63
github.com/texere-rope/pkg/rope/byte_char_conv.go:50.44,52.2 1 142
github.com/texere-rope/pkg/rope/byte_char_conv.go:55.44,57.2 1 160
github.com/texere-rope/pkg/rope/byte_char_conv.go:60.26,61.15 1 251011
github.com/texere-rope/pkg/rope/byte_char_conv.go:61.15,63.3 1 250542
github.com/texere-rope/pkg/rope/byte_char_conv.go:64.2,64.16 1 469
github.com/texere-rope/pkg/rope/byte_char_conv.go:64.16,66.3 1 247
github.com/texere-rope/pkg/rope/byte_char_conv.go:67.2,67.17 1 222
github.com/texere-rope/pkg/rope/byte_char_conv.go:67.17,69.3 1 204
github.com/texere-rope/pkg/rope/byte_char_conv.go:70.2,70.10 1 18
github.com/texere-rope/pkg/rope/bytes_iter.go:16.50,17.33 1 54
github.com/texere-rope/pkg/rope/bytes_iter.go:17.33,24.3 1 5
github.com/texere-rope/pkg/rope/bytes_iter.go:25.2,32.11 3 49
github.com/texere-rope/pkg/rope/bytes_iter.go:36.44,38.2 1 55
github.com/texere-rope/pkg/rope/bytes_iter.go:41.54,42.30 1 96
github.com/texere-rope/pkg/rope/bytes_iter.go:42.30,45.3 2 22
github.com/texere-rope/pkg/rope/bytes_iter.go:49.2,49.46 1 74
github.com/texere-rope/pkg/rope/bytes_iter.go:53.93,54.19 1 79
github.com/texere-rope/pkg/rope/bytes_iter.go:54.19,59.3 4 74
github.com/texere-rope/pkg/rope/bytes_iter.go:61.2,64.37 3 5
github.com/texere-rope/pkg/rope/bytes_iter.go:64.37,66.3 1 3
github.com/texere-rope/pkg/rope/bytes_iter.go:67.2,67.75 1 2
github.com/texere-rope/pkg/rope/bytes_iter.go:71.43,73.2 1 17
github.com/texere-rope/pkg/rope/bytes_iter.go:76.38,77.18 1 220
github.com/texere-rope/pkg/rope/bytes_iter.go:77.18,79.3 1 3
github.com/texere-rope/pkg/rope/bytes_iter.go:82.2,82.22 1 217
github.com/texere-rope/pkg/rope/bytes_iter.go:82.22,86.3 3 42
github.com/texere-rope/pkg/rope/bytes_iter.go:89.2,93.43 3 175
github.com/texere-rope/pkg/rope/bytes_iter.go:93.43,95.3 1 25
github.com/texere-rope/pkg/rope/bytes_iter.go:98.2,98.33 1 175
github.com/texere-rope/pkg/rope/bytes_iter.go:98.33,101.3 2 22
github.com/texere-rope/pkg/rope/bytes_iter.go:103.2,103.13 1 153
github.com/texere-rope/pkg/rope/bytes_iter.go:107.41,108.51 1 175
github.com/texere-rope/pkg/rope/bytes_iter.go:108.51,109.34 1 3
github.com/texere-rope/pkg/rope/bytes_iter.go:111.2,111.65 1 172
github.com/texere-rope/pkg/rope/bytes_iter.go:111.65,112.48 1 0
github.com/texere-rope/pkg/rope/bytes_iter.go:114.2,114.39 1 172
github.com/texere-rope/pkg/rope/bytes_iter.go:118.41,120.2 1 17
github.com/texere-rope/pkg/rope/bytes_iter.go:123.45,125.2 1 2
github.com/texere-rope/pkg/rope/bytes_iter.go:128.41,130.2 1 6
github.com/texere-rope/pkg/rope/bytes_iter.go:133.34,137.19 4 7
github.com/texere-rope/pkg/rope/bytes_iter.go:137.19,139.3 1 6
github.com/texere-rope/pkg/rope/bytes_iter.go:143.45,145.2 1 14
github.com/texere-rope/pkg/rope/bytes_iter.go:148.43,151.16 3 6
github.com/texere-rope/pkg/rope/bytes_iter.go:151.16,153.3 1 41
github.com/texere-rope/pkg/rope/bytes_iter.go:154.2,154.14 1 6
github.com/texere-rope/pkg/rope/bytes_iter.go:158.43,160.2 1 1
github.com/texere-rope/pkg/rope/bytes_iter.go:163.43,164.11 1 4
github.com/texere-rope/pkg/rope/bytes_iter.go:164.11,166.3 1 1
github.com/texere-rope/pkg/rope/bytes_iter.go:167.2,167.38 1 3
github.com/texere-rope/pkg/rope/bytes_iter.go:167.39,168.3 0 4
github.com/texere-rope/pkg/rope/bytes_iter.go:169.2,169.53 1 3
github.com/texere-rope/pkg/rope/bytes_iter.go:173.38,174.35 1 2
github.com/texere-rope/pkg/rope/bytes_iter.go:174.35,175.24 1 1
github.com/texere-rope/pkg/rope/bytes_iter.go:178.2,182.40 3 1
github.com/texere-rope/pkg/rope/bytes_iter.go:182.40,200.3 9 0
github.com/texere-rope/pkg/rope/bytes_iter.go:202.2,202.36 1 1
github.com/texere-rope/pkg/rope/bytes_iter.go:206.41,208.2 1 2
github.com/texere-rope/pkg/rope/bytes_iter.go:213.60,214.31 1 8
github.com/texere-rope/pkg/rope/bytes_iter.go:214.31,216.3 1 0
github.com/texere-rope/pkg/rope/bytes_iter.go:218.2,218.39 1 8
github.com/texere-rope/pkg/rope/bytes_iter.go:218.39,219.36 1 2
github.com/texere-rope/pkg/rope/bytes_iter.go:222.2,222.25 1 6
github.com/texere-rope/pkg/rope/bytes_iter.go:222.25,232.3 3 1
github.com/texere-rope/pkg/rope/bytes_iter.go:234.2,241.11 3 5
github.com/texere-rope/pkg/rope/bytes_iter.go:245.56,247.2 1 2
github.com/texere-rope/pkg/rope/bytes_iter.go:251.49,252.45 1 12
github.com/texere-rope/pkg/rope/bytes_iter.go:252.45,255.3 2 2
github.com/texere-rope/pkg/rope/bytes_iter.go:257.2,260.13 4 10
github.com/texere-rope/pkg/rope/bytes_iter.go:266.53,268.16 2 2
github.com/texere-rope/pkg/rope/bytes_iter.go:268.16,269.24 1 8
github.com/texere-rope/pkg/rope/bytes_iter.go:269.24,271.4 1 1
github.com/texere-rope/pkg/rope/bytes_iter.go:273.2,273.13 1 1
github.com/texere-rope/pkg/rope/bytes_iter.go:277.67,279.16 2 1
github.com/texere-rope/pkg/rope/bytes_iter.go:279.16,280.39 1 4
github.com/texere-rope/pkg/rope/bytes_iter.go:280.39,282.4 1 0
github.com/texere-rope/pkg/rope/bytes_iter.go:284.2,284.13 1 1
github.com/texere-rope/pkg/rope/bytes_iter.go:288.52,291.16 3 1
github.com/texere-rope/pkg/rope/bytes_iter.go:291.16,293.3 1 5
github.com/texere-rope/pkg/rope/bytes_iter.go:294.2,294.15 1 1
github.com/texere-rope/pkg/rope/bytes_iter.go:298.55,301.16 3 1
github.com/texere-rope/pkg/rope/bytes_iter.go:301.16,303.12 2 5
github.com/texere-rope/pkg/rope/bytes_iter.go:303.12,305.4 1 4
github.com/texere-rope/pkg/rope/bytes_iter.go:307.2,307.15 1 1
github.com/texere-rope/pkg/rope/bytes_iter.go:312.57,314.16 2 2
github.com/texere-rope/pkg/rope/bytes_iter.go:314.16,315.23 1 7
github.com/texere-rope/pkg/rope/bytes_iter.go:315.23,317.4 1 1
github.com/texere-rope/pkg/rope/bytes_iter.go:319.2,319.18 1 1
github.com/texere-rope/pkg/rope/bytes_iter.go:323.76,325.16 2 1
github.com/texere-rope/pkg/rope/bytes_iter.go:325.16,326.23 1 6
github.com/texere-rope/pkg/rope/bytes_iter.go:326.23,328.4 1 0
github.com/texere-rope/pkg/rope/bytes_iter.go:330.2,330.18 1 1
github.com/texere-rope/pkg/rope/bytes_iter.go:334.50,336.16 2 2
github.com/texere-rope/pkg/rope/bytes_iter.go:336.16,337.24 1 7
github.com/texere-rope/pkg/rope/bytes_iter.go:337.24,339.4 1 1
github.com/texere-rope/pkg/rope/bytes_iter.go:341.2,341.13 1 1
github.com/texere-rope/pkg/rope/bytes_iter.go:345.49,347.16 2 2
github.com/texere-rope/pkg/rope/bytes_iter.go:347.16,348.23 1 6
github.com/texere-rope/pkg/rope/bytes_iter.go:348.23,350.4 1 1
github.com/texere-rope/pkg/rope/bytes_iter.go:352.2,352.14 1 1
github.com/texere-rope/pkg/rope/bytes_iter.go:356.51,359.16 3 1
github.com/texere-rope/pkg/rope/bytes_iter.go:359.16,360.23 1 11
github.com/texere-rope/pkg/rope/bytes_iter.go:360.23,362.4 1 3
github.com/texere-rope/pkg/rope/bytes_iter.go:364.2,364.14 1 1
github.com/texere-rope/pkg/rope/bytes_iter.go:368.47,369.28 1 4
github.com/texere-rope/pkg/rope/bytes_iter.go:369.28,371.3 1 2
github.com/texere-rope/pkg/rope/bytes_iter.go:373.2,374.26 2 2
github.com/texere-rope/pkg/rope/bytes_iter.go:374.26,375.38 1 6
github.com/texere-rope/pkg/rope/bytes_iter.go:375.38,377.4 1 1
github.com/texere-rope/pkg/rope/bytes_iter.go:379.2,379.19 1 1
github.com/texere-rope/pkg/rope/bytes_iter.go:383.33,385.2 1 3
github.com/texere-rope/pkg/rope/char_ops.go:9.51,10.14 1 7
github.com/texere-rope/pkg/rope/char_ops.go:10.14,12.3 1 1
github.com/texere-rope/pkg/rope/char_ops.go:13.2,13.34 1 6
github.com/texere-rope/pkg/rope/char_ops.go:17.53,19.2 1 0
github.com/texere-rope/pkg/rope/char_ops.go:25.42,26.14 1 6
github.com/texere-rope/pkg/rope/char_ops.go:26.14,28.3 1 1
github.com/texere-rope/pkg/rope/char_ops.go:29.2,29.29 1 5
github.com/texere-rope/pkg/rope/char_ops.go:33.42,35.2 1 0
github.com/texere-rope/pkg/rope/char_ops.go:41.52,42.14 1 10
github.com/texere-rope/pkg/rope/char_ops.go:42.14,44.3 1 0
github.com/texere-rope/pkg/rope/char_ops.go:45.2,45.42 1 10
github.com/texere-rope/pkg/rope/char_ops.go:50.47,51.33 1 4
github.com/texere-rope/pkg/rope/char_ops.go:51.33,53.3 1 0
github.com/texere-rope/pkg/rope/char_ops.go:55.2,55.70 1 4
github.com/texere-rope/pkg/rope/char_ops.go:55.70,56.44 1 0
github.com/texere-rope/pkg/rope/char_ops.go:59.2,59.18 1 4
github.com/texere-rope/pkg/rope/char_ops.go:59.18,61.3 1 1
github.com/texere-rope/pkg/rope/char_ops.go:64.2,71.15 5 3
github.com/texere-rope/pkg/rope/char_ops.go:77.43,78.14 1 6
github.com/texere-rope/pkg/rope/char_ops.go:78.14,80.3 1 1
github.com/texere-rope/pkg/rope/char_ops.go:81.2,82.16 2 5
github.com/texere-rope/pkg/rope/char_ops.go:82.16,83.25 1 28
github.com/texere-rope/pkg/rope/char_ops.go:83.25,85.4 1 3
github.com/texere-rope/pkg/rope/char_ops.go:87.2,87.14 1 2
github.com/texere-rope/pkg/rope/char_ops.go:92.41,93.14 1 6
github.com/texere-rope/pkg/rope/char_ops.go:93.14,95.3 1 1
github.com/texere-rope/pkg/rope/char_ops.go:96.2,97.16 2 5
github.com/texere-rope/pkg/rope/char_ops.go:97.16,98.25 1 20
github.com/texere-rope/pkg/rope/char_ops.go:98.25,100.4 1 3
github.com/texere-rope/pkg/rope/char_ops.go:102.2,102.11 1 2
github.com/texere-rope/pkg/rope/char_ops.go:107.54,108.25 1 14
github.com/texere-rope/pkg/rope/char_ops.go:108.25,110.3 1 1
github.com/texere-rope/pkg/rope/char_ops.go:112.2,112.36 1 13
github.com/texere-rope/pkg/rope/char_ops.go:112.36,113.24 1 36
github.com/texere-rope/pkg/rope/char_ops.go:113.24,115.4 1 8
github.com/texere-rope/pkg/rope/char_ops.go:117.2,117.11 1 5
github.com/texere-rope/pkg/rope/char_ops.go:122.45,123.14 1 5
github.com/texere-rope/pkg/rope/char_ops.go:123.14,125.3 1 0
github.com/texere-rope/pkg/rope/char_ops.go:126.2,126.39 1 5
github.com/texere-rope/pkg/rope/char_ops.go:126.39,127.24 1 11
github.com/texere-rope/pkg/rope/char_ops.go:127.24,129.4 1 4
github.com/texere-rope/pkg/rope/char_ops.go:131.2,131.11 1 1
github.com/texere-rope/pkg/rope/char_ops.go:136.60,137.26 1 0
github.com/texere-rope/pkg/rope/char_ops.go:137.26,139.3 1 0
github.com/texere-rope/pkg/rope/char_ops.go:141.2,141.22 1 0
github.com/texere-rope/pkg/rope/char_ops.go:141.22,143.3 1 0
github.com/texere-rope/pkg/rope/char_ops.go:145.2,145.32 1 0
github.com/texere-rope/pkg/rope/char_ops.go:145.32,146.24 1 0
github.com/texere-rope/pkg/rope/char_ops.go:146.24,148.4 1 0
github.com/texere-rope/pkg/rope/char_ops.go:150.2,150.11 1 0
github.com/texere-rope/pkg/rope/char_ops.go:154.39,155.14 1 6
github.com/texere-rope/pkg/rope/char_ops.go:155.14,157.3 1 1
github.com/texere-rope/pkg/rope/char_ops.go:159.2,161.16 3 5
github.com/texere-rope/pkg/rope/char_ops.go:161.16,162.25 1 25
github.com/texere-rope/pkg/rope/char_ops.go:162.25,164.4 1 5
github.com/texere-rope/pkg/rope/char_ops.go:166.2,166.14 1 5
github.com/texere-rope/pkg/rope/char_ops.go:172.38,173.33 1 8
github.com/texere-rope/pkg/rope/char_ops.go:173.33,175.3 1 2
github.com/texere-rope/pkg/rope/char_ops.go:177.2,179.16 3 6
github.com/texere-rope/pkg/rope/char_ops.go:179.16,181.3 1 20
github.com/texere-rope/pkg/rope/char_ops.go:182.2,182.14 1 6
github.com/texere-rope/pkg/rope/char_ops.go:186.33,188.2 1 3
github.com/texere-rope/pkg/rope/char_ops.go:191.37,192.33 1 5
github.com/texere-rope/pkg/rope/char_ops.go:192.33,194.3 1 2
github.com/texere-rope/pkg/rope/char_ops.go:196.2,200.16 4 3
github.com/texere-rope/pkg/rope/char_ops.go:200.16,202.16 2 11
github.com/texere-rope/pkg/rope/char_ops.go:202.16,205.4 2 8
github.com/texere-rope/pkg/rope/char_ops.go:208.2,208.15 1 3
github.com/texere-rope/pkg/rope/char_ops.go:215.51,216.33 1 13
github.com/texere-rope/pkg/rope/char_ops.go:216.33,218.3 1 2
github.com/texere-rope/pkg/rope/char_ops.go:220.2,222.16 3 11
github.com/texere-rope/pkg/rope/char_ops.go:222.16,224.3 1 74
github.com/texere-rope/pkg/rope/char_ops.go:225.2,225.18 1 11
github.com/texere-rope/pkg/rope/char_ops.go:230.54,231.33 1 4
github.com/texere-rope/pkg/rope/char_ops.go:231.33,233.3 1 1
github.com/texere-rope/pkg/rope/char_ops.go:235.2,237.16 3 3
github.com/texere-rope/pkg/rope/char_ops.go:237.16,239.13 2 28
github.com/texere-rope/pkg/rope/char_ops.go:239.13,241.4 1 11
github.com/texere-rope/pkg/rope/char_ops.go:243.2,243.18 1 3
github.com/texere-rope/pkg/rope/char_ops.go:248.57,249.41 1 4
github.com/texere-rope/pkg/rope/char_ops.go:249.41,251.3 1 1
github.com/texere-rope/pkg/rope/char_ops.go:253.2,254.35 2 3
github.com/texere-rope/pkg/rope/char_ops.go:254.35,256.3 1 18
github.com/texere-rope/pkg/rope/char_ops.go:258.2,260.16 3 3
github.com/texere-rope/pkg/rope/char_ops.go:260.16,262.21 2 27
github.com/texere-rope/pkg/rope/char_ops.go:262.21,264.4 1 21
github.com/texere-rope/pkg/rope/char_ops.go:266.2,266.18 1 3
github.com/texere-rope/pkg/rope/char_ops.go:271.60,272.33 1 3
github.com/texere-rope/pkg/rope/char_ops.go:272.33,274.3 1 0
github.com/texere-rope/pkg/rope/char_ops.go:276.2,276.39 1 3
github.com/texere-rope/pkg/rope/char_ops.go:276.39,277.20 1 25
github.com/texere-rope/pkg/rope/char_ops.go:277.20,279.4 1 5
github.com/texere-rope/pkg/rope/char_ops.go:280.3,280.12 1 20
github.com/texere-rope/pkg/rope/char_ops.go:286.37,287.33 1 5
github.com/texere-rope/pkg/rope/char_ops.go:287.33,289.3 1 2
github.com/texere-rope/pkg/rope/char_ops.go:291.2,293.54 2 3
github.com/texere-rope/pkg/rope/char_ops.go:293.54,295.3 1 4
github.com/texere-rope/pkg/rope/char_ops.go:297.2,298.26 2 3
github.com/texere-rope/pkg/rope/char_ops.go:298.26,300.3 1 10
github.com/texere-rope/pkg/rope/char_ops.go:301.2,301.18 1 3
github.com/texere-rope/pkg/rope/char_ops.go:307.33,309.2 1 45
github.com/texere-rope/pkg/rope/char_ops.go:312.28,314.2 1 20
github.com/texere-rope/pkg/rope/char_ops.go:317.29,319.2 1 20
github.com/texere-rope/pkg/rope/char_ops.go:322.28,324.2 1 5
github.com/texere-rope/pkg/rope/char_ops.go:327.28,329.2 1 5
github.com/texere-rope/pkg/rope/char_ops.go:332.38,333.14 1 1
github.com/texere-rope/pkg/rope/char_ops.go:333.14,335.3 1 0
github.com/texere-rope/pkg/rope/char_ops.go:337.2,339.16 3 1
github.com/texere-rope/pkg/rope/char_ops.go:339.16,340.33 1 15
github.com/texere-rope/pkg/rope/char_ops.go:340.33,342.4 1 2
github.com/texere-rope/pkg/rope/char_ops.go:344.2,344.14 1 1
github.com/texere-rope/pkg/rope/char_ops.go:348.34,349.14 1 1
github.com/texere-rope/pkg/rope/char_ops.go:349.14,351.3 1 0
github.com/texere-rope/pkg/rope/char_ops.go:353.2,355.16 3 1
github.com/texere-rope/pkg/rope/char_ops.go:355.16,356.28 1 15
github.com/texere-rope/pkg/rope/char_ops.go:356.28,358.4 1 3
github.com/texere-rope/pkg/rope/char_ops.go:360.2,360.14 1 1
github.com/texere-rope/pkg/rope/char_ops.go:364.35,365.14 1 1
github.com/texere-rope/pkg/rope/char_ops.go:365.14,367.3 1 0
github.com/texere-rope/pkg/rope/char_ops.go:369.2,371.16 3 1
github.com/texere-rope/pkg/rope/char_ops.go:371.16,372.29 1 15
github.com/texere-rope/pkg/rope/char_ops.go:372.29,374.4 1 10
github.com/texere-rope/pkg/rope/char_ops.go:376.2,376.14 1 1
github.com/texere-rope/pkg/rope/char_ops.go:380.55,381.33 1 6
github.com/texere-rope/pkg/rope/char_ops.go:381.33,383.3 1 0
github.com/texere-rope/pkg/rope/char_ops.go:385.2,387.16 3 6
github.com/texere-rope/pkg/rope/char_ops.go:387.16,388.24 1 14
github.com/texere-rope/pkg/rope/char_ops.go:388.24,389.9 1 4
github.com/texere-rope/pkg/rope/char_ops.go:391.3,391.10 1 10
github.com/texere-rope/pkg/rope/char_ops.go:394.2,394.16 1 6
github.com/texere-rope/pkg/rope/char_ops.go:394.16,396.3 1 2
github.com/texere-rope/pkg/rope/char_ops.go:397.2,397.40 1 4
github.com/texere-rope/pkg/rope/char_ops.go:401.56,402.33 1 6
github.com/texere-rope/pkg/rope/char_ops.go:402.33,404.3 1 1
github.com/texere-rope/pkg/rope/char_ops.go:406.2,407.14 2 5
github.com/texere-rope/pkg/rope/char_ops.go:407.14,408.29 1 11
github.com/texere-rope/pkg/rope/char_ops.go:408.29,409.9 1 4
github.com/texere-rope/pkg/rope/char_ops.go:411.3,411.8 1 7
github.com/texere-rope/pkg/rope/char_ops.go:414.2,414.23 1 5
github.com/texere-rope/pkg/rope/char_ops.go:414.23,416.3 1 2
github.com/texere-rope/pkg/rope/char_ops.go:417.2,417.29 1 3
github.com/texere-rope/pkg/rope/char_ops.go:421.51,423.2 1 3
github.com/texere-rope/pkg/rope/char_ops.go:426.43,428.2 1 3
github.com/texere-rope/pkg/rope/char_ops.go:431.44,433.2 1 3
github.com/texere-rope/pkg/rope/char_ops.go:436.39,438.2 1 3
github.com/texere-rope/pkg/rope/chunk_ops.go:22.58,23.31 1 141
github.com/texere-rope/pkg/rope/chunk_ops.go:23.31,25.3 1 1
github.com/texere-rope/pkg/rope/chunk_ops.go:27.2,27.41 1 140
github.com/texere-rope/pkg/rope/chunk_ops.go:27.41,28.88 1 2
github.com/texere-rope/pkg/rope/chunk_ops.go:32.2,47.17 5 138
github.com/texere-rope/pkg/rope/chunk_ops.go:52.58,53.31 1 19
github.com/texere-rope/pkg/rope/chunk_ops.go:53.31,55.3 1 1
github.com/texere-rope/pkg/rope/chunk_ops.go:57.2,57.39 1 18
github.com/texere-rope/pkg/rope/chunk_ops.go:57.39,58.82 1 2
github.com/texere-rope/pkg/rope/chunk_ops.go:61.2,66.22 4 16
github.com/texere-rope/pkg/rope/chunk_ops.go:66.22,68.3 1 0
github.com/texere-rope/pkg/rope/chunk_ops.go:70.2,78.15 1 16
github.com/texere-rope/pkg/rope/chunk_ops.go:83.61,84.26 1 154
github.com/texere-rope/pkg/rope/chunk_ops.go:85.17,86.22 1 154
github.com/texere-rope/pkg/rope/chunk_ops.go:87.21,89.25 2 0
github.com/texere-rope/pkg/rope/chunk_ops.go:89.25,91.4 1 0
github.com/texere-rope/pkg/rope/chunk_ops.go:92.3,93.33 2 0
github.com/texere-rope/pkg/rope/chunk_ops.go:95.2,95.14 1 0
github.com/texere-rope/pkg/rope/chunk_ops.go:99.41,100.31 1 7160
github.com/texere-rope/pkg/rope/chunk_ops.go:100.31,102.3 1 1
github.com/texere-rope/pkg/rope/chunk_ops.go:103.2,107.3 1 7159
github.com/texere-rope/pkg/rope/chunk_ops.go:111.48,112.31 1 7161
github.com/texere-rope/pkg/rope/chunk_ops.go:112.31,114.3 1 1
github.com/texere-rope/pkg/rope/chunk_ops.go:116.2,122.14 6 7160
github.com/texere-rope/pkg/rope/chunk_ops.go:126.84,127.26 1 13631276
github.com/texere-rope/pkg/rope/chunk_ops.go:128.17,134.18 3 6819218
github.com/texere-rope/pkg/rope/chunk_ops.go:134.18,144.4 1 6819216
github.com/texere-rope/pkg/rope/chunk_ops.go:146.3,149.32 3 6819218
github.com/texere-rope/pkg/rope/chunk_ops.go:149.32,150.18 1 38688033
github.com/texere-rope/pkg/rope/chunk_ops.go:150.18,152.5 1 13915204
github.com/texere-rope/pkg/rope/chunk_ops.go:155.21,157.62 2 6812058
github.com/texere-rope/pkg/rope/chunk_ops.go:171.52,173.2 1 0
github.com/texere-rope/pkg/rope/chunk_ops.go:176.39,177.26 1 6820967
github.com/texere-rope/pkg/rope/chunk_ops.go:177.26,179.3 1 2
github.com/texere-rope/pkg/rope/chunk_ops.go:180.2,181.38 2 6820967
github.com/texere-rope/pkg/rope/chunk_ops.go:185.44,186.52 1 6814774
github.com/texere-rope/pkg/rope/chunk_ops.go:186.52,187.34 1 0
github.com/texere-rope/pkg/rope/chunk_ops.go:189.2,189.37 1 6814774
github.com/texere-rope/pkg/rope/chunk_ops.go:193.51,194.52 1 0
github.com/texere-rope/pkg/rope/chunk_ops.go:194.52,195.34 1 0
github.com/texere-rope/pkg/rope/chunk_ops.go:197.2,197.32 1 0
github.com/texere-rope/pkg/rope/chunk_ops.go:201.44,203.2 1 0
github.com/texere-rope/pkg/rope/chunk_ops.go:206.42,208.2 1 0
github.com/texere-rope/pkg/rope/chunk_ops.go:211.39,213.2 1 5
github.com/texere-rope/pkg/rope/chunk_ops.go:216.35,218.2 1 0
github.com/texere-rope/pkg/rope/chunk_ops.go:221.46,224.16 3 0
github.com/texere-rope/pkg/rope/chunk_ops.go:224.16,226.3 1 0
github.com/texere-rope/pkg/rope/chunk_ops.go:227.2,227.15 1 0
github.com/texere-rope/pkg/rope/chunk_ops.go:231.53,234.16 3 0
github.com/texere-rope/pkg/rope/chunk_ops.go:234.16,236.3 1 0
github.com/texere-rope/pkg/rope/chunk_ops.go:237.2,237.14 1 0
github.com/texere-rope/pkg/rope/chunk_ops.go:243.33,245.2 1 4
github.com/texere-rope/pkg/rope/chunk_ops.go:248.43,249.14 1 1
github.com/texere-rope/pkg/rope/chunk_ops.go:249.14,251.3 1 0
github.com/texere-rope/pkg/rope/chunk_ops.go:252.2,253.16 2 1
github.com/texere-rope/pkg/rope/chunk_ops.go:253.16,255.3 1 0
github.com/texere-rope/pkg/rope/chunk_ops.go:256.2,256.43 1 1
github.com/texere-rope/pkg/rope/chunk_ops.go:260.35,263.16 3 2
github.com/texere-rope/pkg/rope/chunk_ops.go:263.16,265.21 2 2
github.com/texere-rope/pkg/rope/chunk_ops.go:265.21,267.4 1 2
github.com/texere-rope/pkg/rope/chunk_ops.go:269.2,269.16 1 2
github.com/texere-rope/pkg/rope/chunk_ops.go:273.35,275.21 2 2
github.com/texere-rope/pkg/rope/chunk_ops.go:275.21,277.3 1 0
github.com/texere-rope/pkg/rope/chunk_ops.go:279.2,281.16 3 2
github.com/texere-rope/pkg/rope/chunk_ops.go:281.16,283.21 2 0
github.com/texere-rope/pkg/rope/chunk_ops.go:283.21,285.4 1 0
github.com/texere-rope/pkg/rope/chunk_ops.go:287.2,287.16 1 2
github.com/texere-rope/pkg/rope/chunk_ops.go:294.75,295.41 1 0
github.com/texere-rope/pkg/rope/chunk_ops.go:295.41,296.88 1 0
github.com/texere-rope/pkg/rope/chunk_ops.go:299.2,299.27 1 0
github.com/texere-rope/pkg/rope/chunk_ops.go:299.27,304.3 3 0
github.com/texere-rope/pkg/rope/chunk_ops.go:306.2,310.42 3 0
github.com/texere-rope/pkg/rope/chunk_ops.go:310.42,311.44 1 0
github.com/texere-rope/pkg/rope/chunk_ops.go:311.44,313.9 2 0
github.com/texere-rope/pkg/rope/chunk_ops.go:317.2,317.53 1 0
github.com/texere-rope/pkg/rope/chunk_ops.go:322.75,323.39 1 0
github.com/texere-rope/pkg/rope/chunk_ops.go:323.39,324.82 1 0
github.com/texere-rope/pkg/rope/chunk_ops.go:327.2,327.25 1 0
github.com/texere-rope/pkg/rope/chunk_ops.go:327.25,332.3 3 0
github.com/texere-rope/pkg/rope/chunk_ops.go:334.2,338.42 3 0
github.com/texere-rope/pkg/rope/chunk_ops.go:338.42,339.44 1 0
github.com/texere-rope/pkg/rope/chunk_ops.go:339.44,341.9 2 0
github.com/texere-rope/pkg/rope/chunk_ops.go:345.2,345.53 1 0
github.com/texere-rope/pkg/rope/chunk_ops.go:349.75,350.44 1 6
github.com/texere-rope/pkg/rope/chunk_ops.go:350.44,351.88 1 2
github.com/texere-rope/pkg/rope/chunk_ops.go:354.2,354.30 1 4
github.com/texere-rope/pkg/rope/chunk_ops.go:354.30,358.3 3 0
github.com/texere-rope/pkg/rope/chunk_ops.go:361.2,362.42 2 4
github.com/texere-rope/pkg/rope/chunk_ops.go:362.42,363.42 1 4
github.com/texere-rope/pkg/rope/chunk_ops.go:363.42,367.4 3 2
github.com/texere-rope/pkg/rope/chunk_ops.go:371.2,371.20 1 2
github.com/texere-rope/pkg/rope/chunk_ops.go:377.30,379.14 2 6819372
github.com/texere-rope/pkg/rope/chunk_ops.go:379.14,381.3 1 39188926
github.com/texere-rope/pkg/rope/chunk_ops.go:382.2,382.14 1 6819372
github.com/texere-rope/pkg/rope/composition.go:7.59,9.18 1 18
github.com/texere-rope/pkg/rope/composition.go:9.18,10.38 1 2
github.com/texere-rope/pkg/rope/composition.go:10.38,12.4 1 1
github.com/texere-rope/pkg/rope/composition.go:13.3,17.16 5 1
github.com/texere-rope/pkg/rope/composition.go:20.2,20.37 1 16
github.com/texere-rope/pkg/rope/composition.go:20.37,26.3 5 2
github.com/texere-rope/pkg/rope/composition.go:30.2,35.46 3 14
github.com/texere-rope/pkg/rope/composition.go:35.46,43.3 5 7
github.com/texere-rope/pkg/rope/composition.go:45.2,51.46 5 7
github.com/texere-rope/pkg/rope/composition.go:51.46,54.24 2 21
github.com/texere-rope/pkg/rope/composition.go:54.24,56.4 1 19
github.com/texere-rope/pkg/rope/composition.go:57.3,57.25 1 21
github.com/texere-rope/pkg/rope/composition.go:57.25,59.4 1 20
github.com/texere-rope/pkg/rope/composition.go:62.3,62.51 1 21
github.com/texere-rope/pkg/rope/composition.go:62.51,64.54 1 2
github.com/texere-rope/pkg/rope/composition.go:64.54,72.32 3 0
github.com/texere-rope/pkg/rope/composition.go:72.32,78.14 4 0
github.com/texere-rope/pkg/rope/composition.go:79.11,79.40 1 0
github.com/texere-rope/pkg/rope/composition.go:79.40,84.14 4 0
github.com/texere-rope/pkg/rope/composition.go:85.11,92.14 5 0
github.com/texere-rope/pkg/rope/composition.go:94.10,99.13 3 2
github.com/texere-rope/pkg/rope/composition.go:105.3,105.53 1 19
github.com/texere-rope/pkg/rope/composition.go:105.53,106.52 1 1
github.com/texere-rope/pkg/rope/composition.go:106.52,110.13 3 1
github.com/texere-rope/pkg/rope/composition.go:116.3,116.21 1 18
github.com/texere-rope/pkg/rope/composition.go:116.21,120.12 3 2
github.com/texere-rope/pkg/rope/composition.go:123.3,123.22 1 16
github.com/texere-rope/pkg/rope/composition.go:123.22,127.12 3 0
github.com/texere-rope/pkg/rope/composition.go:131.3,132.22 2 16
github.com/texere-rope/pkg/rope/composition.go:132.22,134.4 1 14
github.com/texere-rope/pkg/rope/composition.go:137.2,139.15 3 7
github.com/texere-rope/pkg/rope/composition.go:143.41,149.2 5 29
github.com/texere-rope/pkg/rope/composition.go:155.108,156.24 1 16
github.com/texere-rope/pkg/rope/composition.go:157.16,162.26 3 5
github.com/texere-rope/pkg/rope/composition.go:163.17,167.29 2 2
github.com/texere-rope/pkg/rope/composition.go:167.29,173.28 4 0
github.com/texere-rope/pkg/rope/composition.go:173.28,176.6 2 0
github.com/texere-rope/pkg/rope/composition.go:177.5,177.15 1 0
github.com/texere-rope/pkg/rope/composition.go:178.10,178.37 1 2
github.com/texere-rope/pkg/rope/composition.go:178.37,183.5 3 1
github.com/texere-rope/pkg/rope/composition.go:183.10,192.5 6 1
github.com/texere-rope/pkg/rope/composition.go:194.17,201.18 3 3
github.com/texere-rope/pkg/rope/composition.go:203.17,207.20 2 0
github.com/texere-rope/pkg/rope/composition.go:210.16,214.26 2 11
github.com/texere-rope/pkg/rope/composition.go:215.17,219.29 2 2
github.com/texere-rope/pkg/rope/composition.go:219.29,226.28 5 1
github.com/texere-rope/pkg/rope/composition.go:226.28,229.6 2 1
github.com/texere-rope/pkg/rope/composition.go:230.5,230.19 1 1
github.com/texere-rope/pkg/rope/composition.go:231.10,231.37 1 1
github.com/texere-rope/pkg/rope/composition.go:231.37,237.5 4 0
github.com/texere-rope/pkg/rope/composition.go:237.10,245.28 5 1
github.com/texere-rope/pkg/rope/composition.go:245.28,248.6 2 1
github.com/texere-rope/pkg/rope/composition.go:249.5,249.19 1 1
github.com/texere-rope/pkg/rope/composition.go:252.17,255.32 2 9
github.com/texere-rope/pkg/rope/composition.go:255.32,257.5 1 1
github.com/texere-rope/pkg/rope/composition.go:259.4,267.49 6 9
github.com/texere-rope/pkg/rope/composition.go:267.49,274.5 5 0
github.com/texere-rope/pkg/rope/composition.go:274.10,274.33 1 9
github.com/texere-rope/pkg/rope/composition.go:274.33,279.5 3 1
github.com/texere-rope/pkg/rope/composition.go:279.10,279.34 1 8
github.com/texere-rope/pkg/rope/composition.go:279.34,284.5 3 3
github.com/texere-rope/pkg/rope/composition.go:286.4,286.18 1 5
github.com/texere-rope/pkg/rope/composition.go:288.17,291.20 1 0
github.com/texere-rope/pkg/rope/composition.go:296.2,296.12 1 0
github.com/texere-rope/pkg/rope/composition.go:300.49,302.28 1 19
github.com/texere-rope/pkg/rope/composition.go:302.28,305.31 2 12
github.com/texere-rope/pkg/rope/composition.go:305.31,306.21 1 2
github.com/texere-rope/pkg/rope/composition.go:307.18,309.11 2 1
github.com/texere-rope/pkg/rope/composition.go:310.18,312.11 2 0
github.com/texere-rope/pkg/rope/composition.go:313.18,315.11 2 1
github.com/texere-rope/pkg/rope/composition.go:320.2,320.43 1 17
github.com/texere-rope/pkg/rope/composition.go:324.44,327.35 2 7
github.com/texere-rope/pkg/rope/composition.go:327.35,328.20 1 17
github.com/texere-rope/pkg/rope/composition.go:329.17,329.17 0 10
github.com/texere-rope/pkg/rope/composition.go:331.17,332.25 1 4
github.com/texere-rope/pkg/rope/composition.go:333.17,334.36 1 3
github.com/texere-rope/pkg/rope/composition.go:338.2,338.24 1 7
github.com/texere-rope/pkg/rope/composition.go:342.67,343.21 1 0
github.com/texere-rope/pkg/rope/composition.go:343.21,345.3 1 0
github.com/texere-rope/pkg/rope/composition.go:347.2,350.35 3 0
github.com/texere-rope/pkg/rope/composition.go:350.35,351.20 1 0
github.com/texere-rope/pkg/rope/composition.go:352.17,353.27 1 0
github.com/texere-rope/pkg/rope/composition.go:355.17,357.49 1 0
github.com/texere-rope/pkg/rope/composition.go:357.49,360.5 2 0
github.com/texere-rope/pkg/rope/composition.go:361.4,361.27 1 0
github.com/texere-rope/pkg/rope/composition.go:363.17,365.41 1 0
github.com/texere-rope/pkg/rope/composition.go:370.2,372.17 2 0
github.com/texere-rope/pkg/rope/composition.go:376.47,378.2 1 0
github.com/texere-rope/pkg/rope/composition.go:381.45,387.2 5 1
github.com/texere-rope/pkg/rope/composition.go:392.62,393.14 1 0
github.com/texere-rope/pkg/rope/composition.go:393.14,395.3 1 0
github.com/texere-rope/pkg/rope/composition.go:396.2,396.25 1 0
github.com/texere-rope/pkg/rope/composition.go:396.25,398.3 1 0
github.com/texere-rope/pkg/rope/composition.go:401.2,406.35 4 0
github.com/texere-rope/pkg/rope/composition.go:406.35,407.20 1 0
github.com/texere-rope/pkg/rope/composition.go:408.17,409.35 1 0
github.com/texere-rope/pkg/rope/composition.go:409.35,413.5 2 0
github.com/texere-rope/pkg/rope/composition.go:413.10,413.32 1 0
github.com/texere-rope/pkg/rope/composition.go:413.32,416.5 1 0
github.com/texere-rope/pkg/rope/composition.go:416.10,423.5 5 0
github.com/texere-rope/pkg/rope/composition.go:425.17,426.35 1 0
github.com/texere-rope/pkg/rope/composition.go:426.35,430.5 2 0
github.com/texere-rope/pkg/rope/composition.go:430.10,430.32 1 0
github.com/texere-rope/pkg/rope/composition.go:430.32,433.5 1 0
github.com/texere-rope/pkg/rope/composition.go:433.10,440.5 5 0
github.com/texere-rope/pkg/rope/composition.go:442.17,444.24 1 0
github.com/texere-rope/pkg/rope/composition.go:444.24,446.5 1 0
github.com/texere-rope/pkg/rope/composition.go:446.10,448.5 1 0
github.com/texere-rope/pkg/rope/composition.go:455.2,461.22 5 0
github.com/texere-rope/pkg/rope/composition.go:465.51,467.35 2 0
github.com/texere-rope/pkg/rope/composition.go:467.35,468.20 1 0
github.com/texere-rope/pkg/rope/composition.go:469.27,470.26 1 0
github.com/texere-rope/pkg/rope/composition.go:471.17,471.17 0 0
github.com/texere-rope/pkg/rope/composition.go:475.2,476.19 2 0
github.com/texere-rope/pkg/rope/composition.go:476.19,478.3 1 0
github.com/texere-rope/pkg/rope/composition.go:482.46,484.35 2 0
github.com/texere-rope/pkg/rope/composition.go:484.35,485.20 1 0
github.com/texere-rope/pkg/rope/composition.go:486.27,487.36 1 0
github.com/texere-rope/pkg/rope/composition.go:487.36,489.5 1 0
github.com/texere-rope/pkg/rope/composition.go:489.10,492.22 2 0
github.com/texere-rope/pkg/rope/composition.go:492.22,494.6 1 0
github.com/texere-rope/pkg/rope/composition.go:495.5,495.22 1 0
github.com/texere-rope/pkg/rope/composition.go:497.17,497.17 0 0
github.com/texere-rope/pkg/rope/composition.go:506.57,507.18 1 0
github.com/texere-rope/pkg/rope/composition.go:507.18,509.3 1 0
github.com/texere-rope/pkg/rope/composition.go:510.2,510.21 1 0
github.com/texere-rope/pkg/rope/composition.go:510.21,512.3 1 0
github.com/texere-rope/pkg/rope/composition.go:515.2,515.37 1 0
github.com/texere-rope/pkg/rope/composition.go:515.37,519.3 1 0
github.com/texere-rope/pkg/rope/composition.go:522.2,533.38 5 0
github.com/texere-rope/pkg/rope/composition.go:533.38,534.20 1 0
github.com/texere-rope/pkg/rope/composition.go:535.17,537.28 1 0
github.com/texere-rope/pkg/rope/composition.go:537.28,539.5 1 0
github.com/texere-rope/pkg/rope/composition.go:541.17,542.28 1 0
github.com/texere-rope/pkg/rope/composition.go:542.28,545.5 2 0
github.com/texere-rope/pkg/rope/composition.go:547.17,549.35 2 0
github.com/texere-rope/pkg/rope/composition.go:553.2,556.15 3 0
github.com/texere-rope/pkg/rope/cow_optimization.go:18.41,24.2 1 0
github.com/texere-rope/pkg/rope/cow_optimization.go:27.28,28.14 1 0
github.com/texere-rope/pkg/rope/cow_optimization.go:28.14,31.3 2 0
github.com/texere-rope/pkg/rope/cow_optimization.go:35.29,36.14 1 0
github.com/texere-rope/pkg/rope/cow_optimization.go:36.14,38.3 1 0
github.com/texere-rope/pkg/rope/cow_optimization.go:42.35,44.2 1 0
github.com/texere-rope/pkg/rope/cow_optimization.go:47.44,48.14 1 0
github.com/texere-rope/pkg/rope/cow_optimization.go:48.14,50.3 1 0
github.com/texere-rope/pkg/rope/cow_optimization.go:51.2,51.18 1 0
github.com/texere-rope/pkg/rope/cow_optimization.go:51.18,53.3 1 0
github.com/texere-rope/pkg/rope/cow_optimization.go:54.2,54.15 1 0
github.com/texere-rope/pkg/rope/cow_optimization.go:58.40,59.17 1 0
github.com/texere-rope/pkg/rope/cow_optimization.go:59.17,61.3 1 0
github.com/texere-rope/pkg/rope/cow_optimization.go:63.2,63.19 1 0
github.com/texere-rope/pkg/rope/cow_optimization.go:63.19,67.3 2 0
github.com/texere-rope/pkg/rope/cow_optimization.go:69.2,76.3 2 0
github.com/texere-rope/pkg/rope/cow_optimization.go:89.39,96.2 2 0
github.com/texere-rope/pkg/rope/cow_optimization.go:99.32,100.14 1 0
github.com/texere-rope/pkg/rope/cow_optimization.go:100.14,102.3 1 0
github.com/texere-rope/pkg/rope/cow_optimization.go:103.2,103.17 1 0
github.com/texere-rope/pkg/rope/cow_optimization.go:107.30,108.14 1 0
github.com/texere-rope/pkg/rope/cow_optimization.go:108.14,110.3 1 0
github.com/texere-rope/pkg/rope/cow_optimization.go:111.2,111.15 1 0
github.com/texere-rope/pkg/rope/cow_optimization.go:115.35,116.31 1 0
github.com/texere-rope/pkg/rope/cow_optimization.go:116.31,118.3 1 0
github.com/texere-rope/pkg/rope/cow_optimization.go:119.2,119.34 1 0
github.com/texere-rope/pkg/rope/cow_optimization.go:123.41,124.17 1 0
github.com/texere-rope/pkg/rope/cow_optimization.go:124.17,126.3 1 0
github.com/texere-rope/pkg/rope/cow_optimization.go:128.2,128.19 1 0
github.com/texere-rope/pkg/rope/cow_optimization.go:128.19,130.3 1 0
github.com/texere-rope/pkg/rope/cow_optimization.go:132.2,133.67 2 0
github.com/texere-rope/pkg/rope/cow_optimization.go:137.57,138.14 1 0
github.com/texere-rope/pkg/rope/cow_optimization.go:138.14,140.3 1 0
github.com/texere-rope/pkg/rope/cow_optimization.go:141.2,141.31 1 0
github.com/texere-rope/pkg/rope/cow_optimization.go:141.31,142.40 1 0
github.com/texere-rope/pkg/rope/cow_optimization.go:144.2,144.16 1 0
github.com/texere-rope/pkg/rope/cow_optimization.go:144.16,146.3 1 0
github.com/texere-rope/pkg/rope/cow_optimization.go:148.2,155.15 4 0
github.com/texere-rope/pkg/rope/cow_optimization.go:159.62,160.19 1 0
github.com/texere-rope/pkg/rope/cow_optimization.go:160.19,162.15 2 0
github.com/texere-rope/pkg/rope/cow_optimization.go:162.15,164.4 1 0
github.com/texere-rope/pkg/rope/cow_optimization.go:165.3,165.27 1 0
github.com/texere-rope/pkg/rope/cow_optimization.go:165.27,167.4 1 0
github.com/texere-rope/pkg/rope/cow_optimization.go:168.3,168.41 1 0
github.com/texere-rope/pkg/rope/cow_optimization.go:171.2,174.20 3 0
github.com/texere-rope/pkg/rope/cow_optimization.go:174.20,182.3 2 0
github.com/texere-rope/pkg/rope/cow_optimization.go:184.2,190.3 2 0
github.com/texere-rope/pkg/rope/cow_optimization.go:194.68,203.2 4 0
github.com/texere-rope/pkg/rope/cow_optimization.go:206.51,207.14 1 0
github.com/texere-rope/pkg/rope/cow_optimization.go:207.14,209.3 1 0
github.com/texere-rope/pkg/rope/cow_optimization.go:210.2,210.48 1 0
github.com/texere-rope/pkg/rope/cow_optimization.go:210.48,211.38 1 0
github.com/texere-rope/pkg/rope/cow_optimization.go:213.2,213.18 1 0
github.com/texere-rope/pkg/rope/cow_optimization.go:213.18,215.3 1 0
github.com/texere-rope/pkg/rope/cow_optimization.go:217.2,227.15 6 0
github.com/texere-rope/pkg/rope/cow_optimization.go:231.56,232.19 1 0
github.com/texere-rope/pkg/rope/cow_optimization.go:232.19,237.3 4 0
github.com/texere-rope/pkg/rope/cow_optimization.go:239.2,242.20 3 0
github.com/texere-rope/pkg/rope/cow_optimization.go:242.20,244.28 2 0
github.com/texere-rope/pkg/rope/cow_optimization.go:244.28,246.4 1 0
github.com/texere-rope/pkg/rope/cow_optimization.go:247.3,252.4 1 0
github.com/texere-rope/pkg/rope/cow_optimization.go:255.2,255.22 1 0
github.com/texere-rope/pkg/rope/cow_optimization.go:255.22,257.29 2 0
github.com/texere-rope/pkg/rope/cow_optimization.go:257.29,259.4 1 0
github.com/texere-rope/pkg/rope/cow_optimization.go:260.3,265.4 1 0
github.com/texere-rope/pkg/rope/cow_optimization.go:269.2,271.39 3 0
github.com/texere-rope/pkg/rope/cow_optimization.go:275.54,276.19 1 0
github.com/texere-rope/pkg/rope/cow_optimization.go:276.19,280.3 3 0
github.com/texere-rope/pkg/rope/cow_optimization.go:282.2,285.20 3 0
github.com/texere-rope/pkg/rope/cow_optimization.go:285.20,287.3 1 0
github.com/texere-rope/pkg/rope/cow_optimization.go:288.2,288.22 1 0
github.com/texere-rope/pkg/rope/cow_optimization.go:288.22,290.3 1 0
github.com/texere-rope/pkg/rope/cow_optimization.go:292.2,294.29 3 0
github.com/texere-rope/pkg/rope/cow_optimization.go:300.31,302.2 1 0
github.com/texere-rope/pkg/rope/cow_optimization.go:305.38,306.34 1 0
github.com/texere-rope/pkg/rope/cow_optimization.go:306.34,308.3 1 0
github.com/texere-rope/pkg/rope/cow_optimization.go:310.2,314.27 5 0
github.com/texere-rope/pkg/rope/cow_optimization.go:314.27,316.3 1 0
github.com/texere-rope/pkg/rope/cow_optimization.go:317.2,317.21 1 0
github.com/texere-rope/pkg/rope/cow_optimization.go:321.42,322.31 1 0
github.com/texere-rope/pkg/rope/cow_optimization.go:322.31,324.3 1 0
github.com/texere-rope/pkg/rope/cow_optimization.go:325.2,325.36 1 0
github.com/texere-rope/pkg/rope/crlf.go:10.40,11.35 1 0
github.com/texere-rope/pkg/rope/crlf.go:11.35,13.3 1 0
github.com/texere-rope/pkg/rope/crlf.go:14.2,14.49 1 0
github.com/texere-rope/pkg/rope/crlf.go:27.70,28.20 1 0
github.com/texere-rope/pkg/rope/crlf.go:28.20,30.3 1 0
github.com/texere-rope/pkg/rope/crlf.go:33.2,33.22 1 0
github.com/texere-rope/pkg/rope/crlf.go:33.22,35.3 1 0
github.com/texere-rope/pkg/rope/crlf.go:36.2,36.30 1 0
github.com/texere-rope/pkg/rope/crlf.go:36.30,38.3 1 0
github.com/texere-rope/pkg/rope/crlf.go:41.2,41.52 1 0
github.com/texere-rope/pkg/rope/crlf.go:41.52,43.3 1 0
github.com/texere-rope/pkg/rope/crlf.go:46.2,46.37 1 0
github.com/texere-rope/pkg/rope/crlf.go:46.37,48.3 1 0
github.com/texere-rope/pkg/rope/crlf.go:51.2,51.14 1 0
github.com/texere-rope/pkg/rope/crlf.go:51.14,53.41 1 0
github.com/texere-rope/pkg/rope/crlf.go:53.41,54.28 1 0
github.com/texere-rope/pkg/rope/crlf.go:54.28,56.5 1 0
github.com/texere-rope/pkg/rope/crlf.go:59.3,59.11 1 0
github.com/texere-rope/pkg/rope/crlf.go:60.8,62.49 1 0
github.com/texere-rope/pkg/rope/crlf.go:62.49,63.28 1 0
github.com/texere-rope/pkg/rope/crlf.go:63.28,65.5 1 0
github.com/texere-rope/pkg/rope/crlf.go:68.3,68.19 1 0
github.com/texere-rope/pkg/rope/crlf.go:74.45,75.20 1 0
github.com/texere-rope/pkg/rope/crlf.go:75.20,77.3 1 0
github.com/texere-rope/pkg/rope/crlf.go:78.2,78.34 1 0
github.com/texere-rope/pkg/rope/crlf.go:78.34,80.3 1 0
github.com/texere-rope/pkg/rope/crlf.go:83.2,83.65 1 0
github.com/texere-rope/pkg/rope/crlf.go:83.65,85.3 1 0
github.com/texere-rope/pkg/rope/crlf.go:87.2,87.13 1 0
github.com/texere-rope/pkg/rope/crlf.go:92.36,93.33 1 0
github.com/texere-rope/pkg/rope/crlf.go:93.33,94.28 1 0
github.com/texere-rope/pkg/rope/crlf.go:94.28,96.4 1 0
github.com/texere-rope/pkg/rope/crlf.go:98.2,98.11 1 0
github.com/texere-rope/pkg/rope/crlf.go:102.37,104.2 1 0
github.com/texere-rope/pkg/rope/crlf.go:107.33,109.35 2 0
github.com/texere-rope/pkg/rope/crlf.go:109.35,110.43 1 0
github.com/texere-rope/pkg/rope/crlf.go:110.43,112.4 1 0
github.com/texere-rope/pkg/rope/crlf.go:114.2,114.14 1 0
github.com/texere-rope/pkg/rope/crlf.go:118.32,119.33 1 0
github.com/texere-rope/pkg/rope/crlf.go:119.33,121.3 1 0
github.com/texere-rope/pkg/rope/crlf.go:123.2,124.32 2 0
github.com/texere-rope/pkg/rope/crlf.go:131.68,134.2 2 0
github.com/texere-rope/pkg/rope/crlf.go:137.74,140.2 2 0
github.com/texere-rope/pkg/rope/crlf.go:145.32,147.2 1 0
github.com/texere-rope/pkg/rope/crlf.go:150.38,152.2 1 0
github.com/texere-rope/pkg/rope/crlf.go:156.43,161.48 4 0
github.com/texere-rope/pkg/rope/crlf.go:161.48,163.3 1 0
github.com/texere-rope/pkg/rope/crlf.go:164.2,164.47 1 0
github.com/texere-rope/pkg/rope/crlf.go:164.47,166.3 1 0
github.com/texere-rope/pkg/rope/crlf.go:167.2,167.46 1 0
github.com/texere-rope/pkg/rope/crlf.go:167.46,169.3 1 0
github.com/texere-rope/pkg/rope/crlf.go:170.2,170.15 1 0
github.com/texere-rope/pkg/rope/crlf.go:174.42,175.33 1 0
github.com/texere-rope/pkg/rope/crlf.go:175.33,177.3 1 0
github.com/texere-rope/pkg/rope/crlf.go:178.2,178.45 1 0
github.com/texere-rope/pkg/rope/crlf.go:184.42,186.2 1 0
github.com/texere-rope/pkg/rope/crlf.go:189.42,193.2 2 0
github.com/texere-rope/pkg/rope/crlf.go:196.40,201.2 2 0
github.com/texere-rope/pkg/rope/crlf.go:204.51,210.2 3 0
github.com/texere-rope/pkg/rope/crlf.go:215.54,216.14 1 0
github.com/texere-rope/pkg/rope/crlf.go:216.14,218.3 1 0
github.com/texere-rope/pkg/rope/crlf.go:220.2,220.14 1 0
github.com/texere-rope/pkg/rope/crlf.go:220.14,222.3 1 0
github.com/texere-rope/pkg/rope/crlf.go:223.2,223.23 1 0
github.com/texere-rope/pkg/rope/crlf.go:223.23,225.3 1 0
github.com/texere-rope/pkg/rope/crlf.go:228.2,233.50 3 0
github.com/texere-rope/pkg/rope/crlf.go:233.50,237.3 2 0
github.com/texere-rope/pkg/rope/crlf.go:239.2,239.21 1 0
github.com/texere-rope/pkg/rope/crlf.go:243.40,244.21 1 0
github.com/texere-rope/pkg/rope/crlf.go:244.21,246.3 1 0
github.com/texere-rope/pkg/rope/crlf.go:247.2,247.21 1 0
github.com/texere-rope/pkg/rope/crlf.go:247.21,249.3 1 0
github.com/texere-rope/pkg/rope/crlf.go:251.2,254.34 3 0
github.com/texere-rope/pkg/rope/crlf.go:254.34,257.3 2 0
github.com/texere-rope/pkg/rope/crlf.go:259.2,259.15 1 0
github.com/texere-rope/pkg/rope/crlf.go:266.41,267.33 1 0
github.com/texere-rope/pkg/rope/crlf.go:267.33,269.3 1 0
github.com/texere-rope/pkg/rope/crlf.go:271.2,272.34 2 0
github.com/texere-rope/pkg/rope/crlf.go:272.34,273.41 1 0
github.com/texere-rope/pkg/rope/crlf.go:273.41,278.4 1 0
github.com/texere-rope/pkg/rope/crlf.go:281.2,281.13 1 0
github.com/texere-rope/pkg/rope/crlf.go:295.50,296.33 1 0
github.com/texere-rope/pkg/rope/crlf.go:296.33,298.3 1 0
github.com/texere-rope/pkg/rope/crlf.go:300.2,303.32 3 0
github.com/texere-rope/pkg/rope/crlf.go:303.32,304.59 1 0
github.com/texere-rope/pkg/rope/crlf.go:304.59,308.4 3 0
github.com/texere-rope/pkg/rope/crlf.go:308.9,308.28 1 0
github.com/texere-rope/pkg/rope/crlf.go:308.28,311.4 2 0
github.com/texere-rope/pkg/rope/crlf.go:311.9,311.28 1 0
github.com/texere-rope/pkg/rope/crlf.go:311.28,314.4 2 0
github.com/texere-rope/pkg/rope/crlf.go:318.2,318.72 1 0
github.com/texere-rope/pkg/rope/crlf.go:318.72,320.3 1 0
github.com/texere-rope/pkg/rope/crlf.go:322.2,322.14 1 0
github.com/texere-rope/pkg/rope/crlf.go:329.43,330.14 1 0
github.com/texere-rope/pkg/rope/crlf.go:330.14,332.3 1 0
github.com/texere-rope/pkg/rope/crlf.go:334.2,335.49 2 0
github.com/texere-rope/pkg/rope/crlf.go:335.49,337.3 1 0
github.com/texere-rope/pkg/rope/crlf.go:339.2,339.25 1 0
github.com/texere-rope/pkg/rope/crlf.go:343.42,344.14 1 0
github.com/texere-rope/pkg/rope/crlf.go:344.14,346.3 1 0
github.com/texere-rope/pkg/rope/crlf.go:348.2,352.39 3 0
github.com/texere-rope/pkg/rope/crlf.go:352.39,354.3 1 0
github.com/texere-rope/pkg/rope/crlf.go:357.2,357.60 1 0
github.com/texere-rope/pkg/rope/crlf.go:357.60,359.3 1 0
github.com/texere-rope/pkg/rope/crlf.go:361.2,361.10 1 0
github.com/texere-rope/pkg/rope/document.go:18.49,22.2 1 10
github.com/texere-rope/pkg/rope/document.go:25.53,29.2 1 0
github.com/texere-rope/pkg/rope/document.go:32.37,33.31 1 1
github.com/texere-rope/pkg/rope/document.go:33.31,35.3 1 0
github.com/texere-rope/pkg/rope/document.go:36.2,36.24 1 1
github.com/texere-rope/pkg/rope/document.go:41.53,42.31 1 2
github.com/texere-rope/pkg/rope/document.go:42.31,44.3 1 0
github.com/texere-rope/pkg/rope/document.go:45.2,45.33 1 2
github.com/texere-rope/pkg/rope/document.go:49.40,50.31 1 14
github.com/texere-rope/pkg/rope/document.go:50.31,52.3 1 0
github.com/texere-rope/pkg/rope/document.go:53.2,53.24 1 14
github.com/texere-rope/pkg/rope/document.go:57.39,58.31 1 1
github.com/texere-rope/pkg/rope/document.go:58.31,60.3 1 0
github.com/texere-rope/pkg/rope/document.go:61.2,61.23 1 1
github.com/texere-rope/pkg/rope/document.go:67.50,68.14 1 1
github.com/texere-rope/pkg/rope/document.go:68.14,70.3 1 0
github.com/texere-rope/pkg/rope/document.go:71.2,71.44 1 1
github.com/texere-rope/pkg/rope/document.go:76.37,77.14 1 0
github.com/texere-rope/pkg/rope/document.go:77.14,79.3 1 0
github.com/texere-rope/pkg/rope/document.go:80.2,80.15 1 0
github.com/texere-rope/pkg/rope/document.go:87.67,88.14 1 1
github.com/texere-rope/pkg/rope/document.go:88.14,90.3 1 0
github.com/texere-rope/pkg/rope/document.go:91.2,93.3 1 1
github.com/texere-rope/pkg/rope/document.go:98.61,99.14 1 1
github.com/texere-rope/pkg/rope/document.go:99.14,101.3 1 0
github.com/texere-rope/pkg/rope/document.go:102.2,104.3 1 1
github.com/texere-rope/pkg/rope/document.go:109.75,110.14 1 0
github.com/texere-rope/pkg/rope/document.go:110.14,112.3 1 0
github.com/texere-rope/pkg/rope/document.go:113.2,115.3 1 0
github.com/texere-rope/pkg/rope/document.go:119.70,120.14 1 1
github.com/texere-rope/pkg/rope/document.go:120.14,121.19 1 0
github.com/texere-rope/pkg/rope/document.go:121.19,123.4 1 0
github.com/texere-rope/pkg/rope/document.go:124.3,124.50 1 0
github.com/texere-rope/pkg/rope/document.go:127.2,127.18 1 1
github.com/texere-rope/pkg/rope/document.go:127.18,129.3 1 0
github.com/texere-rope/pkg/rope/document.go:132.2,132.47 1 1
github.com/texere-rope/pkg/rope/document.go:132.47,136.3 1 1
github.com/texere-rope/pkg/rope/document.go:139.2,141.3 1 0
github.com/texere-rope/pkg/rope/document.go:145.70,146.14 1 0
github.com/texere-rope/pkg/rope/document.go:146.14,148.3 1 0
github.com/texere-rope/pkg/rope/document.go:150.2,151.62 2 0
github.com/texere-rope/pkg/rope/document.go:159.58,160.16 1 0
github.com/texere-rope/pkg/rope/document.go:160.16,162.3 1 0
github.com/texere-rope/pkg/rope/document.go:164.2,164.44 1 0
github.com/texere-rope/pkg/rope/document.go:164.44,166.3 1 0
github.com/texere-rope/pkg/rope/document.go:169.2,169.38 1 0
github.com/texere-rope/pkg/rope/document.go:173.49,176.2 2 0
github.com/texere-rope/pkg/rope/document.go:181.35,182.31 1 0
github.com/texere-rope/pkg/rope/document.go:182.31,184.3 1 0
github.com/texere-rope/pkg/rope/document.go:185.2,185.22 1 0
github.com/texere-rope/pkg/rope/document.go:189.36,190.31 1 0
github.com/texere-rope/pkg/rope/document.go:190.31,192.3 1 0
github.com/texere-rope/pkg/rope/document.go:193.2,193.23 1 0
github.com/texere-rope/pkg/rope/document.go:197.42,198.31 1 0
github.com/texere-rope/pkg/rope/document.go:198.31,200.3 1 0
github.com/texere-rope/pkg/rope/document.go:201.2,201.28 1 0
github.com/texere-rope/pkg/rope/document.go:205.43,206.31 1 0
github.com/texere-rope/pkg/rope/document.go:206.31,208.3 1 0
github.com/texere-rope/pkg/rope/document.go:209.2,209.23 1 0
github.com/texere-rope/pkg/rope/document.go:213.48,214.31 1 0
github.com/texere-rope/pkg/rope/document.go:214.31,216.3 1 0
github.com/texere-rope/pkg/rope/document.go:217.2,219.3 1 0
github.com/texere-rope/pkg/rope/document.go:223.49,224.31 1 0
github.com/texere-rope/pkg/rope/document.go:224.31,226.3 1 0
github.com/texere-rope/pkg/rope/document.go:227.2,229.3 1 0
github.com/texere-rope/pkg/rope/document.go:233.41,234.31 1 0
github.com/texere-rope/pkg/rope/document.go:234.31,236.3 1 0
github.com/texere-rope/pkg/rope/document.go:237.2,237.26 1 0
github.com/texere-rope/pkg/rope/document.go:243.61,244.30 1 2
github.com/texere-rope/pkg/rope/document.go:244.30,246.3 1 0
github.com/texere-rope/pkg/rope/document.go:247.2,247.30 1 2
github.com/texere-rope/pkg/rope/document.go:247.30,249.3 1 0
github.com/texere-rope/pkg/rope/document.go:250.2,250.37 1 2
github.com/texere-rope/pkg/rope/document.go:255.61,256.30 1 0
github.com/texere-rope/pkg/rope/document.go:256.30,258.3 1 0
github.com/texere-rope/pkg/rope/document.go:259.2,259.14 1 0
github.com/texere-rope/pkg/rope/document.go:259.14,261.3 1 0
github.com/texere-rope/pkg/rope/document.go:262.2,262.18 1 0
github.com/texere-rope/pkg/rope/document.go:262.18,264.3 1 0
github.com/texere-rope/pkg/rope/document.go:266.2,266.47 1 0
github.com/texere-rope/pkg/rope/document.go:266.47,268.3 1 0
github.com/texere-rope/pkg/rope/document.go:271.2,274.21 3 0
github.com/texere-rope/pkg/rope/document.go:274.21,276.3 1 0
github.com/texere-rope/pkg/rope/document.go:276.8,276.28 1 0
github.com/texere-rope/pkg/rope/document.go:276.28,278.3 1 0
github.com/texere-rope/pkg/rope/document.go:279.2,279.10 1 0
github.com/texere-rope/pkg/rope/document.go:283.56,284.31 1 0
github.com/texere-rope/pkg/rope/document.go:284.31,286.3 1 0
github.com/texere-rope/pkg/rope/document.go:287.2,287.35 1 0
github.com/texere-rope/pkg/rope/document.go:292.52,293.31 1 0
github.com/texere-rope/pkg/rope/document.go:293.31,295.3 1 0
github.com/texere-rope/pkg/rope/document.go:296.2,296.32 1 0
github.com/texere-rope/pkg/rope/document.go:301.56,302.31 1 0
github.com/texere-rope/pkg/rope/document.go:302.31,304.3 1 0
github.com/texere-rope/pkg/rope/document.go:305.2,305.36 1 0
github.com/texere-rope/pkg/rope/document.go:311.36,313.2 1 0
github.com/texere-rope/pkg/rope/document.go:316.56,317.16 1 0
github.com/texere-rope/pkg/rope/document.go:317.16,319.3 1 0
github.com/texere-rope/pkg/rope/document.go:320.2,320.28 1 0
github.com/texere-rope/pkg/rope/document.go:324.57,325.16 1 0
github.com/texere-rope/pkg/rope/document.go:325.16,327.3 1 0
github.com/texere-rope/pkg/rope/document.go:328.2,328.34 1 0
github.com/texere-rope/pkg/rope/document.go:332.62,334.27 2 0
github.com/texere-rope/pkg/rope/document.go:334.27,335.17 1 0
github.com/texere-rope/pkg/rope/document.go:335.17,337.4 1 0
github.com/texere-rope/pkg/rope/document.go:339.2,339.45 1 0
github.com/texere-rope/pkg/rope/document.go:343.78,344.20 1 0
github.com/texere-rope/pkg/rope/document.go:344.20,346.3 1 0
github.com/texere-rope/pkg/rope/document.go:348.2,349.27 2 0
github.com/texere-rope/pkg/rope/document.go:349.27,350.17 1 0
github.com/texere-rope/pkg/rope/document.go:350.17,352.4 1 0
github.com/texere-rope/pkg/rope/document.go:353.3,353.22 1 0
github.com/texere-rope/pkg/rope/document.go:353.22,355.4 1 0
github.com/texere-rope/pkg/rope/document.go:357.2,357.45 1 0
github.com/texere-rope/pkg/rope/document.go:363.41,365.2 1 0
github.com/texere-rope/pkg/rope/document.go:368.43,370.2 1 0
github.com/texere-rope/pkg/rope/document.go:373.41,374.31 1 0
github.com/texere-rope/pkg/rope/document.go:374.31,376.3 1 0
github.com/texere-rope/pkg/rope/document.go:377.2,377.23 1 0
github.com/texere-rope/pkg/rope/document.go:381.44,383.2 1 0
github.com/texere-rope/pkg/rope/document.go:393.44,397.2 1 3
github.com/texere-rope/pkg/rope/document.go:400.64,403.2 2 5
github.com/texere-rope/pkg/rope/document.go:406.68,409.2 2 2
github.com/texere-rope/pkg/rope/document.go:412.73,415.2 2 0
github.com/texere-rope/pkg/rope/document.go:418.67,421.2 2 0
github.com/texere-rope/pkg/rope/document.go:424.49,428.2 1 3
github.com/texere-rope/pkg/rope/document.go:431.52,434.2 2 1
github.com/texere-rope/pkg/rope/graphemes.go:37.46,38.33 1 73
github.com/texere-rope/pkg/rope/graphemes.go:38.33,40.3 1 2
github.com/texere-rope/pkg/rope/graphemes.go:42.2,47.31 5 71
github.com/texere-rope/pkg/rope/graphemes.go:47.31,57.3 4 6336
github.com/texere-rope/pkg/rope/graphemes.go:59.2,64.3 1 71
github.com/texere-rope/pkg/rope/graphemes.go:68.41,69.18 1 6352
github.com/texere-rope/pkg/rope/graphemes.go:69.18,71.3 1 2
github.com/texere-rope/pkg/rope/graphemes.go:73.2,74.35 2 6350
github.com/texere-rope/pkg/rope/graphemes.go:74.35,77.3 2 44
github.com/texere-rope/pkg/rope/graphemes.go:79.2,79.13 1 6306
github.com/texere-rope/pkg/rope/graphemes.go:83.48,84.67 1 166
github.com/texere-rope/pkg/rope/graphemes.go:84.67,86.3 1 0
github.com/texere-rope/pkg/rope/graphemes.go:88.2,88.31 1 166
github.com/texere-rope/pkg/rope/graphemes.go:92.44,93.18 1 0
github.com/texere-rope/pkg/rope/graphemes.go:93.18,95.3 1 0
github.com/texere-rope/pkg/rope/graphemes.go:96.2,96.30 1 0
github.com/texere-rope/pkg/rope/graphemes.go:100.37,101.45 1 1
github.com/texere-rope/pkg/rope/graphemes.go:101.45,104.3 2 0
github.com/texere-rope/pkg/rope/graphemes.go:106.2,109.39 4 1
github.com/texere-rope/pkg/rope/graphemes.go:113.50,115.16 2 3
github.com/texere-rope/pkg/rope/graphemes.go:115.16,117.3 1 32
github.com/texere-rope/pkg/rope/graphemes.go:118.2,118.18 1 3
github.com/texere-rope/pkg/rope/graphemes.go:122.50,124.2 1 0
github.com/texere-rope/pkg/rope/graphemes.go:127.44,128.18 1 4
github.com/texere-rope/pkg/rope/graphemes.go:128.18,130.3 1 2
github.com/texere-rope/pkg/rope/graphemes.go:131.2,131.39 1 2
github.com/texere-rope/pkg/rope/graphemes.go:136.35,137.33 1 25
github.com/texere-rope/pkg/rope/graphemes.go:137.33,139.3 1 2
github.com/texere-rope/pkg/rope/graphemes.go:141.2,143.16 3 23
github.com/texere-rope/pkg/rope/graphemes.go:143.16,145.3 1 6108
github.com/texere-rope/pkg/rope/graphemes.go:146.2,146.14 1 23
github.com/texere-rope/pkg/rope/graphemes.go:151.49,152.48 1 7
github.com/texere-rope/pkg/rope/graphemes.go:152.48,153.40 1 2
github.com/texere-rope/pkg/rope/graphemes.go:156.2,157.32 2 5
github.com/texere-rope/pkg/rope/graphemes.go:157.32,159.3 1 9
github.com/texere-rope/pkg/rope/graphemes.go:161.2,161.21 1 5
github.com/texere-rope/pkg/rope/graphemes.go:167.51,168.47 1 5
github.com/texere-rope/pkg/rope/graphemes.go:168.47,169.44 1 0
github.com/texere-rope/pkg/rope/graphemes.go:172.2,172.18 1 5
github.com/texere-rope/pkg/rope/graphemes.go:172.18,174.3 1 1
github.com/texere-rope/pkg/rope/graphemes.go:177.2,180.16 3 4
github.com/texere-rope/pkg/rope/graphemes.go:180.16,184.24 3 13
github.com/texere-rope/pkg/rope/graphemes.go:184.24,187.4 1 4
github.com/texere-rope/pkg/rope/graphemes.go:189.3,189.33 1 9
github.com/texere-rope/pkg/rope/graphemes.go:193.2,193.29 1 0
github.com/texere-rope/pkg/rope/graphemes.go:199.51,200.42 1 5
github.com/texere-rope/pkg/rope/graphemes.go:200.42,202.3 1 0
github.com/texere-rope/pkg/rope/graphemes.go:205.2,206.16 2 5
github.com/texere-rope/pkg/rope/graphemes.go:206.16,210.27 3 14
github.com/texere-rope/pkg/rope/graphemes.go:210.27,213.4 1 0
github.com/texere-rope/pkg/rope/graphemes.go:215.3,215.24 1 14
github.com/texere-rope/pkg/rope/graphemes.go:215.24,218.4 1 5
github.com/texere-rope/pkg/rope/graphemes.go:222.2,222.19 1 0
github.com/texere-rope/pkg/rope/graphemes.go:227.53,228.41 1 6
github.com/texere-rope/pkg/rope/graphemes.go:228.41,230.3 1 0
github.com/texere-rope/pkg/rope/graphemes.go:232.2,232.18 1 6
github.com/texere-rope/pkg/rope/graphemes.go:232.18,234.3 1 1
github.com/texere-rope/pkg/rope/graphemes.go:236.2,236.27 1 5
github.com/texere-rope/pkg/rope/graphemes.go:236.27,238.3 1 1
github.com/texere-rope/pkg/rope/graphemes.go:241.2,242.16 2 4
github.com/texere-rope/pkg/rope/graphemes.go:242.16,244.28 2 13
github.com/texere-rope/pkg/rope/graphemes.go:244.28,246.4 1 3
github.com/texere-rope/pkg/rope/graphemes.go:247.3,247.27 1 10
github.com/texere-rope/pkg/rope/graphemes.go:247.27,249.4 1 0
github.com/texere-rope/pkg/rope/graphemes.go:252.2,252.14 1 1
github.com/texere-rope/pkg/rope/graphemes.go:257.52,258.56 1 5
github.com/texere-rope/pkg/rope/graphemes.go:258.56,259.48 1 2
github.com/texere-rope/pkg/rope/graphemes.go:262.2,266.16 4 3
github.com/texere-rope/pkg/rope/graphemes.go:266.16,267.56 1 25
github.com/texere-rope/pkg/rope/graphemes.go:267.56,269.4 1 12
github.com/texere-rope/pkg/rope/graphemes.go:270.3,270.20 1 25
github.com/texere-rope/pkg/rope/graphemes.go:273.2,273.24 1 3
github.com/texere-rope/pkg/rope/graphemes.go:279.35,281.2 1 2
github.com/texere-rope/pkg/rope/graphemes.go:284.34,286.2 1 0
github.com/texere-rope/pkg/rope/graphemes.go:289.34,291.2 1 2
github.com/texere-rope/pkg/rope/graphemes.go:294.29,296.2 1 2
github.com/texere-rope/pkg/rope/graphemes.go:299.33,301.2 1 2
github.com/texere-rope/pkg/rope/graphemes.go:304.39,306.2 1 2
github.com/texere-rope/pkg/rope/graphemes.go:309.34,310.30 1 2
github.com/texere-rope/pkg/rope/graphemes.go:310.30,311.14 1 3
github.com/texere-rope/pkg/rope/graphemes.go:311.14,313.4 1 1
github.com/texere-rope/pkg/rope/graphemes.go:315.2,315.13 1 1
github.com/texere-rope/pkg/rope/graphemes.go:321.50,322.33 1 1
github.com/texere-rope/pkg/rope/graphemes.go:322.33,324.3 1 0
github.com/texere-rope/pkg/rope/graphemes.go:326.2,327.16 2 1
github.com/texere-rope/pkg/rope/graphemes.go:327.16,329.3 1 5
github.com/texere-rope/pkg/rope/graphemes.go:333.60,334.33 1 1
github.com/texere-rope/pkg/rope/graphemes.go:334.33,336.3 1 0
github.com/texere-rope/pkg/rope/graphemes.go:338.2,340.16 3 1
github.com/texere-rope/pkg/rope/graphemes.go:340.16,342.3 1 5
github.com/texere-rope/pkg/rope/graphemes.go:344.2,344.24 1 1
github.com/texere-rope/pkg/rope/graphemes.go:348.64,349.33 1 1
github.com/texere-rope/pkg/rope/graphemes.go:349.33,351.3 1 0
github.com/texere-rope/pkg/rope/graphemes.go:353.2,355.16 3 1
github.com/texere-rope/pkg/rope/graphemes.go:355.16,357.14 2 5
github.com/texere-rope/pkg/rope/graphemes.go:357.14,359.4 1 2
github.com/texere-rope/pkg/rope/graphemes.go:362.2,362.24 1 1
github.com/texere-rope/pkg/rope/graphemes.go:366.51,367.33 1 3
github.com/texere-rope/pkg/rope/graphemes.go:367.33,369.3 1 0
github.com/texere-rope/pkg/rope/graphemes.go:371.2,372.16 2 3
github.com/texere-rope/pkg/rope/graphemes.go:372.16,373.32 1 8
github.com/texere-rope/pkg/rope/graphemes.go:373.32,375.4 1 2
github.com/texere-rope/pkg/rope/graphemes.go:377.2,377.14 1 1
github.com/texere-rope/pkg/rope/graphemes.go:382.47,383.33 1 4
github.com/texere-rope/pkg/rope/graphemes.go:383.33,385.3 1 0
github.com/texere-rope/pkg/rope/graphemes.go:387.2,389.16 3 4
github.com/texere-rope/pkg/rope/graphemes.go:389.16,390.32 1 13
github.com/texere-rope/pkg/rope/graphemes.go:390.32,392.4 1 3
github.com/texere-rope/pkg/rope/graphemes.go:393.3,393.8 1 10
github.com/texere-rope/pkg/rope/graphemes.go:395.2,395.11 1 1
github.com/texere-rope/pkg/rope/graphemes.go:399.47,400.33 1 3
github.com/texere-rope/pkg/rope/graphemes.go:400.33,402.3 1 0
github.com/texere-rope/pkg/rope/graphemes.go:404.2,406.16 3 3
github.com/texere-rope/pkg/rope/graphemes.go:406.16,407.32 1 15
github.com/texere-rope/pkg/rope/graphemes.go:407.32,409.4 1 3
github.com/texere-rope/pkg/rope/graphemes.go:411.2,411.14 1 3
github.com/texere-rope/pkg/rope/graphemes.go:423.53,428.17 2 20
github.com/texere-rope/pkg/rope/graphemes.go:428.17,430.3 1 1
github.com/texere-rope/pkg/rope/graphemes.go:433.2,434.64 2 19
github.com/texere-rope/pkg/rope/graphemes.go:434.64,436.3 1 23
github.com/texere-rope/pkg/rope/graphemes.go:438.2,438.17 1 19
github.com/texere-rope/pkg/rope/graphemes.go:438.17,440.3 1 2
github.com/texere-rope/pkg/rope/graphemes.go:442.2,443.16 2 17
github.com/texere-rope/pkg/rope/graphemes.go:443.16,445.3 1 0
github.com/texere-rope/pkg/rope/graphemes.go:448.2,450.14 2 17
github.com/texere-rope/pkg/rope/graphemes.go:451.43,452.49 1 6
github.com/texere-rope/pkg/rope/graphemes.go:453.39,454.49 1 4
github.com/texere-rope/pkg/rope/graphemes.go:455.28,456.47 1 3
github.com/texere-rope/pkg/rope/graphemes.go:457.26,458.52 1 3
github.com/texere-rope/pkg/rope/graphemes.go:459.10,460.73 1 1
github.com/texere-rope/pkg/rope/graphemes.go:466.45,469.21 2 14
github.com/texere-rope/pkg/rope/graphemes.go:469.21,471.3 1 4
github.com/texere-rope/pkg/rope/graphemes.go:471.8,471.26 1 10
github.com/texere-rope/pkg/rope/graphemes.go:471.26,473.3 1 4
github.com/texere-rope/pkg/rope/graphemes.go:473.8,473.29 1 6
github.com/texere-rope/pkg/rope/graphemes.go:473.29,475.3 1 3
github.com/texere-rope/pkg/rope/graphemes.go:475.8,477.3 1 3
github.com/texere-rope/pkg/rope/hash.go:11.34,12.33 1 492
github.com/texere-rope/pkg/rope/hash.go:12.33,14.3 1 8
github.com/texere-rope/pkg/rope/hash.go:16.2,18.16 3 484
github.com/texere-rope/pkg/rope/hash.go:18.16,21.3 2 3780
github.com/texere-rope/pkg/rope/hash.go:22.2,22.18 1 484
github.com/texere-rope/pkg/rope/hash.go:26.36,28.2 1 7
github.com/texere-rope/pkg/rope/hash.go:31.36,32.33 1 24
github.com/texere-rope/pkg/rope/hash.go:32.33,34.3 1 3
github.com/texere-rope/pkg/rope/hash.go:36.2,38.16 3 21
github.com/texere-rope/pkg/rope/hash.go:38.16,41.3 2 14581
github.com/texere-rope/pkg/rope/hash.go:42.2,42.18 1 21
github.com/texere-rope/pkg/rope/hash.go:47.36,48.33 1 6
github.com/texere-rope/pkg/rope/hash.go:48.33,50.3 1 2
github.com/texere-rope/pkg/rope/hash.go:51.2,52.26 2 4
github.com/texere-rope/pkg/rope/hash.go:60.45,61.30 1 2
github.com/texere-rope/pkg/rope/hash.go:61.30,63.3 1 0
github.com/texere-rope/pkg/rope/hash.go:64.2,64.30 1 2
github.com/texere-rope/pkg/rope/hash.go:64.30,66.3 1 0
github.com/texere-rope/pkg/rope/hash.go:67.2,67.41 1 2
github.com/texere-rope/pkg/rope/hash.go:73.42,74.21 1 4
github.com/texere-rope/pkg/rope/hash.go:74.21,76.3 1 1
github.com/texere-rope/pkg/rope/hash.go:78.2,79.34 2 3
github.com/texere-rope/pkg/rope/hash.go:79.34,81.3 1 3
github.com/texere-rope/pkg/rope/hash.go:82.2,82.15 1 3
github.com/texere-rope/pkg/rope/hash.go:86.44,87.21 1 3
github.com/texere-rope/pkg/rope/hash.go:87.21,89.3 1 1
github.com/texere-rope/pkg/rope/hash.go:91.2,92.34 2 2
github.com/texere-rope/pkg/rope/hash.go:92.34,94.3 1 2
github.com/texere-rope/pkg/rope/hash.go:95.2,95.15 1 2
github.com/texere-rope/pkg/rope/hash.go:102.39,103.33 1 2
github.com/texere-rope/pkg/rope/hash.go:103.33,105.3 1 0
github.com/texere-rope/pkg/rope/hash.go:107.2,110.16 3 2
github.com/texere-rope/pkg/rope/hash.go:110.16,115.3 4 4
github.com/texere-rope/pkg/rope/hash.go:117.2,117.15 1 2
github.com/texere-rope/pkg/rope/hash.go:121.43,124.2 2 1
github.com/texere-rope/pkg/rope/hash.go:136.64,137.48 1 2
github.com/texere-rope/pkg/rope/hash.go:137.48,139.3 1 0
github.com/texere-rope/pkg/rope/hash.go:141.2,148.15 3 2
github.com/texere-rope/pkg/rope/hash.go:152.39,153.38 1 2
github.com/texere-rope/pkg/rope/hash.go:153.38,155.3 1 0
github.com/texere-rope/pkg/rope/hash.go:157.2,159.46 3 2
github.com/texere-rope/pkg/rope/hash.go:159.46,161.3 1 14
github.com/texere-rope/pkg/rope/hash.go:162.2,162.21 1 2
github.com/texere-rope/pkg/rope/hash.go:166.43,168.2 1 2
github.com/texere-rope/pkg/rope/hash.go:171.38,172.53 1 0
github.com/texere-rope/pkg/rope/hash.go:172.53,174.3 1 0
github.com/texere-rope/pkg/rope/hash.go:179.2,182.17 4 0
github.com/texere-rope/pkg/rope/hash.go:182.17,186.3 3 0
github.com/texere-rope/pkg/rope/hash.go:188.2,188.13 1 0
github.com/texere-rope/pkg/rope/hash.go:195.47,197.38 1 4
github.com/texere-rope/pkg/rope/hash.go:197.38,199.3 1 2
github.com/texere-rope/pkg/rope/hash.go:202.2,202.24 1 2
github.com/texere-rope/pkg/rope/hash.go:209.33,211.2 1 4
github.com/texere-rope/pkg/rope/hash.go:216.40,218.26 2 1
github.com/texere-rope/pkg/rope/hash.go:218.26,219.15 1 3
github.com/texere-rope/pkg/rope/hash.go:219.15,221.4 1 3
github.com/texere-rope/pkg/rope/hash.go:223.2,223.15 1 1
github.com/texere-rope/pkg/rope/hash.go:234.63,238.2 1 4
github.com/texere-rope/pkg/rope/hash.go:241.50,245.2 3 6
github.com/texere-rope/pkg/rope/hash.go:248.47,249.14 1 2
github.com/texere-rope/pkg/rope/hash.go:249.14,251.3 1 2
github.com/texere-rope/pkg/rope/hash.go:255.47,257.2 1 6
github.com/texere-rope/pkg/rope/hash.go:260.38,262.2 1 1
github.com/texere-rope/pkg/rope/hash.go:267.38,270.26 3 4
github.com/texere-rope/pkg/rope/hash.go:270.26,273.3 2 32
github.com/texere-rope/pkg/rope/hash.go:274.2,274.23 1 4
github.com/texere-rope/pkg/rope/hash.go:278.36,282.2 3 3
github.com/texere-rope/pkg/rope/hash.go:285.34,289.2 3 3
github.com/texere-rope/pkg/rope/hash.go:292.37,294.26 2 4
github.com/texere-rope/pkg/rope/hash.go:294.26,296.3 1 12
github.com/texere-rope/pkg/rope/hash.go:297.2,297.18 1 4
github.com/texere-rope/pkg/rope/history.go:27.28,33.2 1 42
github.com/texere-rope/pkg/rope/history.go:37.40,42.2 4 1
github.com/texere-rope/pkg/rope/history.go:45.33,49.2 3 0
github.com/texere-rope/pkg/rope/history.go:53.76,57.49 3 222
github.com/texere-rope/pkg/rope/history.go:57.49,59.3 1 1
github.com/texere-rope/pkg/rope/history.go:62.2,77.20 5 221
github.com/texere-rope/pkg/rope/history.go:77.20,80.37 1 184
github.com/texere-rope/pkg/rope/history.go:80.37,82.4 1 184
github.com/texere-rope/pkg/rope/history.go:86.2,88.11 2 221
github.com/texere-rope/pkg/rope/history.go:92.34,97.2 4 47
github.com/texere-rope/pkg/rope/history.go:100.34,104.21 2 48
github.com/texere-rope/pkg/rope/history.go:104.21,108.3 3 19
github.com/texere-rope/pkg/rope/history.go:110.2,110.35 1 29
github.com/texere-rope/pkg/rope/history.go:110.35,113.3 2 0
github.com/texere-rope/pkg/rope/history.go:115.2,119.15 4 29
github.com/texere-rope/pkg/rope/history.go:124.39,128.19 2 16
github.com/texere-rope/pkg/rope/history.go:128.19,131.3 2 1
github.com/texere-rope/pkg/rope/history.go:133.2,139.15 5 15
github.com/texere-rope/pkg/rope/history.go:144.39,148.21 2 5
github.com/texere-rope/pkg/rope/history.go:148.21,149.28 1 3
github.com/texere-rope/pkg/rope/history.go:149.28,152.4 2 0
github.com/texere-rope/pkg/rope/history.go:153.3,156.16 4 3
github.com/texere-rope/pkg/rope/history.go:160.2,160.35 1 2
github.com/texere-rope/pkg/rope/history.go:160.35,163.3 2 0
github.com/texere-rope/pkg/rope/history.go:165.2,166.27 2 2
github.com/texere-rope/pkg/rope/history.go:166.27,169.3 2 0
github.com/texere-rope/pkg/rope/history.go:171.2,177.15 5 2
github.com/texere-rope/pkg/rope/history.go:181.38,185.2 3 9
github.com/texere-rope/pkg/rope/history.go:188.47,192.52 3 2
github.com/texere-rope/pkg/rope/history.go:192.52,194.3 1 1
github.com/texere-rope/pkg/rope/history.go:196.2,196.31 1 1
github.com/texere-rope/pkg/rope/history.go:200.39,204.2 3 7
github.com/texere-rope/pkg/rope/history.go:207.52,211.44 3 0
github.com/texere-rope/pkg/rope/history.go:211.44,213.3 1 0
github.com/texere-rope/pkg/rope/history.go:215.2,215.27 1 0
github.com/texere-rope/pkg/rope/history.go:219.33,223.2 3 3
github.com/texere-rope/pkg/rope/history.go:226.32,231.21 3 3
github.com/texere-rope/pkg/rope/history.go:231.21,234.3 1 2
github.com/texere-rope/pkg/rope/history.go:236.2,236.35 1 1
[...]
github.com/texere-rope/pkg/rope/transaction_advanced.go:420.56,422.2 1 0
github.com/texere-rope/pkg/rope/utf16.go:16.31,17.33 1 0
github.com/texere-rope/pkg/rope/utf16.go:17.33,19.3 1 0
github.com/texere-rope/pkg/rope/utf16.go:21.2,23.16 3 0
github.com/texere-rope/pkg/rope/utf16.go:23.16,25.18 2 0
github.com/texere-rope/pkg/rope/utf16.go:25.18,27.4 1 0
github.com/texere-rope/pkg/rope/utf16.go:27.9,29.4 1 0
github.com/texere-rope/pkg/rope/utf16.go:31.2,31.14 1 0
github.com/texere-rope/pkg/rope/utf16.go:35.33,37.2 1 0
github.com/texere-rope/pkg/rope/utf16.go:41.51,42.30 1 0
github.com/texere-rope/pkg/rope/utf16.go:42.30,44.3 1 0
github.com/texere-rope/pkg/rope/utf16.go:45.2,45.26 1 0
github.com/texere-rope/pkg/rope/utf16.go:45.26,47.3 1 0
github.com/texere-rope/pkg/rope/utf16.go:49.2,51.44 3 0
github.com/texere-rope/pkg/rope/utf16.go:51.44,53.18 2 0
github.com/texere-rope/pkg/rope/utf16.go:53.18,55.4 1 0
github.com/texere-rope/pkg/rope/utf16.go:55.9,57.4 1 0
github.com/texere-rope/pkg/rope/utf16.go:59.2,59.15 1 0
github.com/texere-rope/pkg/rope/utf16.go:64.55,65.34 1 0
github.com/texere-rope/pkg/rope/utf16.go:65.34,67.3 1 0
github.com/texere-rope/pkg/rope/utf16.go:69.2,72.16 4 0
github.com/texere-rope/pkg/rope/utf16.go:72.16,74.18 2 0
github.com/texere-rope/pkg/rope/utf16.go:74.18,76.28 2 0
github.com/texere-rope/pkg/rope/utf16.go:76.28,78.5 1 0
github.com/texere-rope/pkg/rope/utf16.go:79.9,81.28 2 0
github.com/texere-rope/pkg/rope/utf16.go:81.28,83.5 1 0
github.com/texere-rope/pkg/rope/utf16.go:85.3,85.12 1 0
github.com/texere-rope/pkg/rope/utf16.go:87.2,87.16 1 0
github.com/texere-rope/pkg/rope/utf16.go:91.40,93.2 1 0
github.com/texere-rope/pkg/rope/utf16.go:96.40,97.30 1 0
github.com/texere-rope/pkg/rope/utf16.go:97.30,98.40 1 0
github.com/texere-rope/pkg/rope/utf16.go:100.2,100.41 1 0
github.com/texere-rope/pkg/rope/utf16.go:104.39,105.30 1 0
github.com/texere-rope/pkg/rope/utf16.go:105.30,106.40 1 0
github.com/texere-rope/pkg/rope/utf16.go:108.2,108.43 1 0
github.com/texere-rope/pkg/rope/utf16.go:112.54,114.2 1 0
github.com/texere-rope/pkg/rope/utf16.go:127.50,128.33 1 0
github.com/texere-rope/pkg/rope/utf16.go:128.33,130.3 1 0
github.com/texere-rope/pkg/rope/utf16.go:131.2,135.3 1 0
github.com/texere-rope/pkg/rope/utf16.go:139.43,141.2 1 0
github.com/texere-rope/pkg/rope/utf16.go:144.38,145.16 1 0
github.com/texere-rope/pkg/rope/utf16.go:145.16,149.3 2 0
github.com/texere-rope/pkg/rope/utf16.go:151.2,151.23 1 0
github.com/texere-rope/pkg/rope/utf16.go:151.23,153.3 1 0
github.com/texere-rope/pkg/rope/utf16.go:155.2,156.17 2 0
github.com/texere-rope/pkg/rope/utf16.go:156.17,159.3 1 0
github.com/texere-rope/pkg/rope/utf16.go:162.2,164.13 3 0
github.com/texere-rope/pkg/rope/utf16.go:168.43,169.16 1 0
github.com/texere-rope/pkg/rope/utf16.go:169.16,172.3 1 0
github.com/texere-rope/pkg/rope/utf16.go:174.2,175.17 2 0
github.com/texere-rope/pkg/rope/utf16.go:175.17,177.3 1 0
github.com/texere-rope/pkg/rope/utf16.go:179.2,179.29 1 0
github.com/texere-rope/pkg/rope/utf16.go:184.45,186.2 1 0
github.com/texere-rope/pkg/rope/utf16.go:189.49,192.2 2 0
github.com/texere-rope/pkg/rope/utf16.go:195.49,197.2 1 0
github.com/texere-rope/pkg/rope/utf16.go:200.48,201.16 1 0
github.com/texere-rope/pkg/rope/utf16.go:201.16,203.3 1 0
github.com/texere-rope/pkg/rope/utf16.go:204.2,205.32 2 0
github.com/texere-rope/pkg/rope/utf16.go:209.41,212.2 1 0
github.com/texere-rope/pkg/rope/utf16.go:215.34,219.2 3 0
github.com/texere-rope/pkg/rope/utf16.go:222.45,225.16 3 0
github.com/texere-rope/pkg/rope/utf16.go:225.16,227.3 1 0
github.com/texere-rope/pkg/rope/utf16.go:228.2,228.14 1 0
github.com/texere-rope/pkg/rope/utf16.go:234.35,235.33 1 0
github.com/texere-rope/pkg/rope/utf16.go:235.33,237.3 1 0
github.com/texere-rope/pkg/rope/utf16.go:239.2,241.16 3 0
github.com/texere-rope/pkg/rope/utf16.go:241.16,243.3 1 0
github.com/texere-rope/pkg/rope/utf16.go:244.2,244.14 1 0
github.com/texere-rope/pkg/rope/utf16.go:250.39,252.2 1 0
github.com/texere-rope/pkg/rope/utf16.go:256.46,258.16 2 0
github.com/texere-rope/pkg/rope/utf16.go:258.16,259.41 1 0
github.com/texere-rope/pkg/rope/utf16.go:259.41,261.4 1 0
github.com/texere-rope/pkg/rope/utf16.go:263.2,263.14 1 0
github.com/texere-rope/pkg/rope/utf16.go:267.41,270.16 3 0
github.com/texere-rope/pkg/rope/utf16.go:270.16,271.41 1 0
github.com/texere-rope/pkg/rope/utf16.go:271.41,273.4 1 0
github.com/texere-rope/pkg/rope/utf16.go:275.2,275.14 1 0
github.com/texere-rope/pkg/rope/utf16.go:282.60,286.2 3 0
github.com/texere-rope/pkg/rope/utf16.go:289.77,293.2 3 0
github.com/texere-rope/pkg/rope/utf16.go:296.75,300.2 3 0
github.com/texere-rope/pkg/rope/utf16.go:305.35,306.14 1 0
github.com/texere-rope/pkg/rope/utf16.go:306.14,308.3 1 0
github.com/texere-rope/pkg/rope/utf16.go:309.2,310.16 2 0
github.com/texere-rope/pkg/rope/utf16.go:310.16,311.36 1 0
github.com/texere-rope/pkg/rope/utf16.go:311.36,313.4 1 0
github.com/texere-rope/pkg/rope/utf16.go:315.2,315.13 1 0
github.com/texere-rope/pkg/rope/word_boundary.go:13.48,15.2 1 0
github.com/texere-rope/pkg/rope/word_boundary.go:19.49,21.2 1 0
github.com/texere-rope/pkg/rope/word_boundary.go:24.51,26.2 1 0
github.com/texere-rope/pkg/rope/word_boundary.go:30.52,31.14 1 0
github.com/texere-rope/pkg/rope/word_boundary.go:31.14,33.3 1 0
github.com/texere-rope/pkg/rope/word_boundary.go:35.2,35.28 1 0
github.com/texere-rope/pkg/rope/word_boundary.go:35.28,37.3 1 0
github.com/texere-rope/pkg/rope/word_boundary.go:40.2,41.24 2 0
github.com/texere-rope/pkg/rope/word_boundary.go:41.24,43.3 1 0
github.com/texere-rope/pkg/rope/word_boundary.go:46.2,46.25 1 0
github.com/texere-rope/pkg/rope/word_boundary.go:46.25,48.26 2 0
github.com/texere-rope/pkg/rope/word_boundary.go:48.26,49.9 1 0
github.com/texere-rope/pkg/rope/word_boundary.go:51.3,51.18 1 0
github.com/texere-rope/pkg/rope/word_boundary.go:55.2,56.25 2 0
github.com/texere-rope/pkg/rope/word_boundary.go:56.25,58.25 2 0
github.com/texere-rope/pkg/rope/word_boundary.go:58.25,59.9 1 0
github.com/texere-rope/pkg/rope/word_boundary.go:61.3,62.30 2 0
github.com/texere-rope/pkg/rope/word_boundary.go:65.2,65.18 1 0
github.com/texere-rope/pkg/rope/word_boundary.go:70.52,71.13 1 0
github.com/texere-rope/pkg/rope/word_boundary.go:71.13,73.3 1 0
github.com/texere-rope/pkg/rope/word_boundary.go:75.2,75.29 1 0
github.com/texere-rope/pkg/rope/word_boundary.go:75.29,77.3 1 0
github.com/texere-rope/pkg/rope/word_boundary.go:80.2,83.18 2 0
github.com/texere-rope/pkg/rope/word_boundary.go:83.18,85.26 2 0
github.com/texere-rope/pkg/rope/word_boundary.go:85.26,86.9 1 0
github.com/texere-rope/pkg/rope/word_boundary.go:91.2,92.18 2 0
github.com/texere-rope/pkg/rope/word_boundary.go:92.18,94.25 2 0
github.com/texere-rope/pkg/rope/word_boundary.go:94.25,95.9 1 0
github.com/texere-rope/pkg/rope/word_boundary.go:99.2,99.18 1 0
github.com/texere-rope/pkg/rope/word_boundary.go:104.50,105.14 1 0
github.com/texere-rope/pkg/rope/word_boundary.go:105.14,107.3 1 0
github.com/texere-rope/pkg/rope/word_boundary.go:109.2,109.28 1 0
github.com/texere-rope/pkg/rope/word_boundary.go:109.28,111.3 1 0
github.com/texere-rope/pkg/rope/word_boundary.go:114.2,117.22 3 0
github.com/texere-rope/pkg/rope/word_boundary.go:117.22,119.26 2 0
github.com/texere-rope/pkg/rope/word_boundary.go:119.26,120.9 1 0
github.com/texere-rope/pkg/rope/word_boundary.go:122.3,122.15 1 0
github.com/texere-rope/pkg/rope/word_boundary.go:126.2,126.19 1 0
github.com/texere-rope/pkg/rope/word_boundary.go:131.50,132.13 1 0
github.com/texere-rope/pkg/rope/word_boundary.go:132.13,134.3 1 0
github.com/texere-rope/pkg/rope/word_boundary.go:136.2,136.29 1 0
github.com/texere-rope/pkg/rope/word_boundary.go:136.29,138.3 1 0
github.com/texere-rope/pkg/rope/word_boundary.go:141.2,144.18 3 0
github.com/texere-rope/pkg/rope/word_boundary.go:144.18,146.26 2 0
github.com/texere-rope/pkg/rope/word_boundary.go:146.26,147.9 1 0
github.com/texere-rope/pkg/rope/word_boundary.go:149.3,149.15 1 0
github.com/texere-rope/pkg/rope/word_boundary.go:153.2,153.18 1 0
github.com/texere-rope/pkg/rope/word_boundary.go:153.18,155.25 2 0
github.com/texere-rope/pkg/rope/word_boundary.go:155.25,156.9 1 0
github.com/texere-rope/pkg/rope/word_boundary.go:158.3,158.15 1 0
github.com/texere-rope/pkg/rope/word_boundary.go:161.2,161.19 1 0
github.com/texere-rope/pkg/rope/word_boundary.go:166.55,167.13 1 0
github.com/texere-rope/pkg/rope/word_boundary.go:167.13,169.3 1 0
github.com/texere-rope/pkg/rope/word_boundary.go:171.2,171.29 1 0
github.com/texere-rope/pkg/rope/word_boundary.go:171.29,173.3 1 0
github.com/texere-rope/pkg/rope/word_boundary.go:175.2,178.21 2 0
github.com/texere-rope/pkg/rope/word_boundary.go:178.21,180.47 2 0
github.com/texere-rope/pkg/rope/word_boundary.go:180.47,184.4 2 0
github.com/texere-rope/pkg/rope/word_boundary.go:185.3,185.14 1 0
github.com/texere-rope/pkg/rope/word_boundary.go:186.8,189.3 1 0
github.com/texere-rope/pkg/rope/word_boundary.go:192.2,194.24 3 0
github.com/texere-rope/pkg/rope/word_boundary.go:194.24,196.3 1 0
github.com/texere-rope/pkg/rope/word_boundary.go:199.2,200.22 2 0
github.com/texere-rope/pkg/rope/word_boundary.go:200.22,202.24 2 0
github.com/texere-rope/pkg/rope/word_boundary.go:202.24,203.9 1 0
github.com/texere-rope/pkg/rope/word_boundary.go:205.3,205.14 1 0
github.com/texere-rope/pkg/rope/word_boundary.go:208.2,208.18 1 0
github.com/texere-rope/pkg/rope/word_boundary.go:213.53,214.13 1 0
github.com/texere-rope/pkg/rope/word_boundary.go:214.13,216.3 1 0
github.com/texere-rope/pkg/rope/word_boundary.go:218.2,218.29 1 0
github.com/texere-rope/pkg/rope/word_boundary.go:218.29,220.3 1 0
github.com/texere-rope/pkg/rope/word_boundary.go:222.2,226.24 3 0
github.com/texere-rope/pkg/rope/word_boundary.go:226.24,228.3 1 0
github.com/texere-rope/pkg/rope/word_boundary.go:231.2,231.23 1 0
github.com/texere-rope/pkg/rope/word_boundary.go:231.23,233.3 1 0
github.com/texere-rope/pkg/rope/word_boundary.go:236.2,237.18 2 0
github.com/texere-rope/pkg/rope/word_boundary.go:237.18,239.24 2 0
github.com/texere-rope/pkg/rope/word_boundary.go:239.24,240.9 1 0
github.com/texere-rope/pkg/rope/word_boundary.go:242.3,242.12 1 0
github.com/texere-rope/pkg/rope/word_boundary.go:245.2,245.16 1 0
github.com/texere-rope/pkg/rope/word_boundary.go:250.60,254.18 3 0
github.com/texere-rope/pkg/rope/word_boundary.go:254.18,256.3 1 0
github.com/texere-rope/pkg/rope/word_boundary.go:258.2,259.25 2 0
github.com/texere-rope/pkg/rope/word_boundary.go:264.56,266.2 1 0
github.com/texere-rope/pkg/rope/word_boundary.go:270.66,271.19 1 0
github.com/texere-rope/pkg/rope/word_boundary.go:271.19,273.3 1 0
github.com/texere-rope/pkg/rope/word_boundary.go:274.2,274.28 1 0
github.com/texere-rope/pkg/rope/word_boundary.go:279.70,280.15 1 0
github.com/texere-rope/pkg/rope/word_boundary.go:281.23,282.31 1 0
github.com/texere-rope/pkg/rope/word_boundary.go:283.22,284.31 1 0
github.com/texere-rope/pkg/rope/word_boundary.go:285.10,286.13 1 0
github.com/texere-rope/pkg/rope/word_boundary.go:292.51,293.14 1 0
github.com/texere-rope/pkg/rope/word_boundary.go:293.14,295.3 1 0
github.com/texere-rope/pkg/rope/word_boundary.go:297.2,297.28 1 0
github.com/texere-rope/pkg/rope/word_boundary.go:297.28,299.3 1 0
github.com/texere-rope/pkg/rope/word_boundary.go:301.2,305.22 3 0
github.com/texere-rope/pkg/rope/word_boundary.go:305.22,307.26 2 0
github.com/texere-rope/pkg/rope/word_boundary.go:307.26,308.9 1 0
github.com/texere-rope/pkg/rope/word_boundary.go:310.3,310.15 1 0
github.com/texere-rope/pkg/rope/word_boundary.go:314.2,315.22 2 0
github.com/texere-rope/pkg/rope/word_boundary.go:315.22,317.25 2 0
github.com/texere-rope/pkg/rope/word_boundary.go:317.25,318.9 1 0
github.com/texere-rope/pkg/rope/word_boundary.go:320.3,320.14 1 0
github.com/texere-rope/pkg/rope/word_boundary.go:323.2,323.18 1 0
github.com/texere-rope/pkg/rope/word_boundary.go:328.49,329.13 1 0
github.com/texere-rope/pkg/rope/word_boundary.go:329.13,331.3 1 0
github.com/texere-rope/pkg/rope/word_boundary.go:333.2,333.29 1 0
github.com/texere-rope/pkg/rope/word_boundary.go:333.29,335.3 1 0
github.com/texere-rope/pkg/rope/word_boundary.go:337.2,341.18 3 0
github.com/texere-rope/pkg/rope/word_boundary.go:341.18,343.26 2 0
github.com/texere-rope/pkg/rope/word_boundary.go:343.26,344.9 1 0
github.com/texere-rope/pkg/rope/word_boundary.go:346.3,346.15 1 0
github.com/texere-rope/pkg/rope/word_boundary.go:350.2,350.18 1 0
github.com/texere-rope/pkg/rope/word_boundary.go:350.18,352.25 2 0
github.com/texere-rope/pkg/rope/word_boundary.go:352.25,353.9 1 0
github.com/texere-rope/pkg/rope/word_boundary.go:355.3,355.15 1 0
github.com/texere-rope/pkg/rope/word_boundary.go:358.2,358.19 1 0
github.com/texere-rope/pkg/rope/word_boundary.go:363.53,364.14 1 0
github.com/texere-rope/pkg/rope/word_boundary.go:364.14,366.3 1 0
github.com/texere-rope/pkg/rope/word_boundary.go:368.2,368.28 1 0
github.com/texere-rope/pkg/rope/word_boundary.go:368.28,370.3 1 0
github.com/texere-rope/pkg/rope/word_boundary.go:372.2,376.22 3 0
github.com/texere-rope/pkg/rope/word_boundary.go:376.22,379.16 3 0
github.com/texere-rope/pkg/rope/word_boundary.go:379.16,381.24 1 0
github.com/texere-rope/pkg/rope/word_boundary.go:381.24,383.18 2 0
github.com/texere-rope/pkg/rope/word_boundary.go:383.18,384.11 1 0
github.com/texere-rope/pkg/rope/word_boundary.go:386.5,386.17 1 0
github.com/texere-rope/pkg/rope/word_boundary.go:389.4,389.25 1 0
github.com/texere-rope/pkg/rope/word_boundary.go:393.2,393.10 1 0
github.com/texere-rope/pkg/rope/word_boundary.go:398.51,399.13 1 0
github.com/texere-rope/pkg/rope/word_boundary.go:399.13,401.3 1 0
github.com/texere-rope/pkg/rope/word_boundary.go:403.2,403.29 1 0
github.com/texere-rope/pkg/rope/word_boundary.go:403.29,405.3 1 0
github.com/texere-rope/pkg/rope/word_boundary.go:407.2,411.18 3 0
github.com/texere-rope/pkg/rope/word_boundary.go:411.18,414.16 3 0
github.com/texere-rope/pkg/rope/word_boundary.go:414.16,416.4 1 0
github.com/texere-rope/pkg/rope/word_boundary.go:419.2,419.25 1 0
github.com/texere-rope/pkg/rope/word_boundary.go:423.48,424.14 1 0
github.com/texere-rope/pkg/rope/word_boundary.go:424.14,426.3 1 0
github.com/texere-rope/pkg/rope/word_boundary.go:428.2,428.28 1 0
github.com/texere-rope/pkg/rope/word_boundary.go:428.28,430.3 1 0
github.com/texere-rope/pkg/rope/word_boundary.go:432.2,436.22 3 0
github.com/texere-rope/pkg/rope/word_boundary.go:436.22,439.16 3 0
github.com/texere-rope/pkg/rope/word_boundary.go:439.16,441.4 1 0
github.com/texere-rope/pkg/rope/word_boundary.go:444.2,444.10 1 0
github.com/texere-rope/pkg/rope/word_boundary.go:448.46,449.13 1 0
github.com/texere-rope/pkg/rope/word_boundary.go:449.13,451.3 1 0
github.com/texere-rope/pkg/rope/word_boundary.go:453.2,453.29 1 0
github.com/texere-rope/pkg/rope/word_boundary.go:453.29,455.3 1 0
github.com/texere-rope/pkg/rope/word_boundary.go:457.2,461.18 3 0
github.com/texere-rope/pkg/rope/word_boundary.go:461.18,464.16 3 0
github.com/texere-rope/pkg/rope/word_boundary.go:464.16,466.4 1 0
github.com/texere-rope/pkg/rope/word_boundary.go:469.2,469.25 1 0
github.com/texere-rope/pkg/rope/word_boundary.go:474.54,478.2 1 0
github.com/texere-rope/pkg/rope/word_boundary.go:482.52,486.2 1 0
github.com/texere-rope/pkg/rope/zero_alloc_ops.go:12.60,13.14 1 1142
github.com/texere-rope/pkg/rope/zero_alloc_ops.go:13.14,15.3 1 1
github.com/texere-rope/pkg/rope/zero_alloc_ops.go:16.2,16.31 1 1141
github.com/texere-rope/pkg/rope/zero_alloc_ops.go:16.31,17.40 1 4
github.com/texere-rope/pkg/rope/zero_alloc_ops.go:19.2,19.16 1 1137
github.com/texere-rope/pkg/rope/zero_alloc_ops.go:19.16,21.3 1 1
github.com/texere-rope/pkg/rope/zero_alloc_ops.go:23.2,23.14 1 1136
github.com/texere-rope/pkg/rope/zero_alloc_ops.go:23.14,25.3 1 4
github.com/texere-rope/pkg/rope/zero_alloc_ops.go:26.2,26.21 1 1132
github.com/texere-rope/pkg/rope/zero_alloc_ops.go:26.21,28.3 1 1005
github.com/texere-rope/pkg/rope/zero_alloc_ops.go:30.2,35.3 2 127
github.com/texere-rope/pkg/rope/zero_alloc_ops.go:39.72,40.19 1 231
github.com/texere-rope/pkg/rope/zero_alloc_ops.go:40.19,48.28 4 127
github.com/texere-rope/pkg/rope/zero_alloc_ops.go:48.28,51.4 2 682
github.com/texere-rope/pkg/rope/zero_alloc_ops.go:54.3,65.17 8 127
github.com/texere-rope/pkg/rope/zero_alloc_ops.go:69.2,72.20 3 104
github.com/texere-rope/pkg/rope/zero_alloc_ops.go:72.20,81.3 7 102
github.com/texere-rope/pkg/rope/zero_alloc_ops.go:84.2,90.16 7 2
github.com/texere-rope/pkg/rope/zero_alloc_ops.go:96.54,97.14 1 545
github.com/texere-rope/pkg/rope/zero_alloc_ops.go:97.14,99.3 1 1
github.com/texere-rope/pkg/rope/zero_alloc_ops.go:100.2,100.48 1 544
github.com/texere-rope/pkg/rope/zero_alloc_ops.go:100.48,101.38 1 3
github.com/texere-rope/pkg/rope/zero_alloc_ops.go:103.2,103.18 1 541
github.com/texere-rope/pkg/rope/zero_alloc_ops.go:103.18,105.3 1 1
github.com/texere-rope/pkg/rope/zero_alloc_ops.go:108.2,117.3 5 540
github.com/texere-rope/pkg/rope/zero_alloc_ops.go:121.66,122.19 1 375296
github.com/texere-rope/pkg/rope/zero_alloc_ops.go:122.19,130.30 4 539
github.com/texere-rope/pkg/rope/zero_alloc_ops.go:130.30,133.4 2 148
github.com/texere-rope/pkg/rope/zero_alloc_ops.go:135.3,136.32 2 539
github.com/texere-rope/pkg/rope/zero_alloc_ops.go:136.32,139.4 2 666
github.com/texere-rope/pkg/rope/zero_alloc_ops.go:142.3,152.17 7 539
github.com/texere-rope/pkg/rope/zero_alloc_ops.go:156.2,160.20 3 374757
github.com/texere-rope/pkg/rope/zero_alloc_ops.go:160.20,162.28 2 374753
github.com/texere-rope/pkg/rope/zero_alloc_ops.go:162.28,165.4 1 501
github.com/texere-rope/pkg/rope/zero_alloc_ops.go:166.3,171.17 6 374252
github.com/texere-rope/pkg/rope/zero_alloc_ops.go:175.2,175.22 1 4
github.com/texere-rope/pkg/rope/zero_alloc_ops.go:175.22,177.29 2 3
github.com/texere-rope/pkg/rope/zero_alloc_ops.go:177.29,180.4 1 2
github.com/texere-rope/pkg/rope/zero_alloc_ops.go:181.3,186.17 6 1
github.com/texere-rope/pkg/rope/zero_alloc_ops.go:190.2,190.80 1 1
github.com/texere-rope/pkg/rope/zero_alloc_ops.go:194.96,200.47 3 2
github.com/texere-rope/pkg/rope/zero_alloc_ops.go:200.47,202.3 1 0
github.com/texere-rope/pkg/rope/zero_alloc_ops.go:203.2,203.49 1 2
github.com/texere-rope/pkg/rope/zero_alloc_ops.go:203.49,205.3 1 0
github.com/texere-rope/pkg/rope/zero_alloc_ops.go:207.2,212.16 6 2
github.com/texere-rope/pkg/rope/zero_alloc_ops.go:216.64,217.19 1 3
github.com/texere-rope/pkg/rope/zero_alloc_ops.go:217.19,219.17 2 3
github.com/texere-rope/pkg/rope/zero_alloc_ops.go:219.17,221.4 1 0
github.com/texere-rope/pkg/rope/zero_alloc_ops.go:222.3,222.29 1 3
github.com/texere-rope/pkg/rope/zero_alloc_ops.go:222.29,224.4 1 0
github.com/texere-rope/pkg/rope/zero_alloc_ops.go:227.3,229.30 3 3
github.com/texere-rope/pkg/rope/zero_alloc_ops.go:229.30,232.4 2 12
github.com/texere-rope/pkg/rope/zero_alloc_ops.go:235.3,237.17 3 3
github.com/texere-rope/pkg/rope/zero_alloc_ops.go:241.2,244.21 3 0
github.com/texere-rope/pkg/rope/zero_alloc_ops.go:244.21,247.21 2 0
github.com/texere-rope/pkg/rope/zero_alloc_ops.go:247.21,249.4 1 0
github.com/texere-rope/pkg/rope/zero_alloc_ops.go:250.3,255.17 6 0
github.com/texere-rope/pkg/rope/zero_alloc_ops.go:259.2,259.62 1 0
github.com/texere-rope/pkg/rope/zero_alloc_ops.go:263.62,264.19 1 3
github.com/texere-rope/pkg/rope/zero_alloc_ops.go:264.19,266.27 2 3
github.com/texere-rope/pkg/rope/zero_alloc_ops.go:266.27,268.4 1 0
github.com/texere-rope/pkg/rope/zero_alloc_ops.go:269.3,269.15 1 3
github.com/texere-rope/pkg/rope/zero_alloc_ops.go:269.15,271.4 1 0
github.com/texere-rope/pkg/rope/zero_alloc_ops.go:274.3,276.28 3 3
github.com/texere-rope/pkg/rope/zero_alloc_ops.go:276.28,279.4 2 8
github.com/texere-rope/pkg/rope/zero_alloc_ops.go:282.3,284.17 3 3
github.com/texere-rope/pkg/rope/zero_alloc_ops.go:288.2,291.20 3 0
github.com/texere-rope/pkg/rope/zero_alloc_ops.go:291.20,294.3 1 0
github.com/texere-rope/pkg/rope/zero_alloc_ops.go:297.2,298.21 2 0
github.com/texere-rope/pkg/rope/zero_alloc_ops.go:298.21,300.3 1 0
github.com/texere-rope/pkg/rope/zero_alloc_ops.go:302.2,307.16 6 0
